This is XeTeX, Version 3.14159265-2.6-0.99998 (TeX Live 2017) (preloaded format=xelatex 2017.5.23)  3 APR 2018 15:45
entering extended mode
 restricted \write18 enabled.
 file:line:error style messages enabled.
 %&-line parsing enabled.
**main.tex
(./main.tex
LaTeX2e <2017-04-15>
Babel <3.10> and hyphenation patterns for 84 language(s) loaded.
(/usr/local/texlive/2017/texmf-dist/tex/latex/base/book.cls
Document Class: book 2014/09/29 v1.4h Standard LaTeX document class
(/usr/local/texlive/2017/texmf-dist/tex/latex/base/bk10.clo
File: bk10.clo 2014/09/29 v1.4h Standard LaTeX file (size option)
)
\c@part=\count79
\c@chapter=\count80
\c@section=\count81
\c@subsection=\count82
\c@subsubsection=\count83
\c@paragraph=\count84
\c@subparagraph=\count85
\c@figure=\count86
\c@table=\count87
\abovecaptionskip=\skip41
\belowcaptionskip=\skip42
\bibindent=\dimen102
)
(/usr/local/texlive/2017/texmf-dist/tex/latex/amscls/amsthm.sty
Package: amsthm 2015/03/04 v2.20.2
\thm@style=\toks14
\thm@bodyfont=\toks15
\thm@headfont=\toks16
\thm@notefont=\toks17
\thm@headpunct=\toks18
\thm@preskip=\skip43
\thm@postskip=\skip44
\thm@headsep=\skip45
\dth@everypar=\toks19
)
(/usr/local/texlive/2017/texmf-dist/tex/latex/amsmath/amsmath.sty
Package: amsmath 2016/11/05 v2.16a AMS math features
\@mathmargin=\skip46

For additional information on amsmath, use the `?' option.
(/usr/local/texlive/2017/texmf-dist/tex/latex/amsmath/amstext.sty
Package: amstext 2000/06/29 v2.01 AMS text

(/usr/local/texlive/2017/texmf-dist/tex/latex/amsmath/amsgen.sty
File: amsgen.sty 1999/11/30 v2.0 generic functions
\@emptytoks=\toks20
\ex@=\dimen103
))
(/usr/local/texlive/2017/texmf-dist/tex/latex/amsmath/amsbsy.sty
Package: amsbsy 1999/11/29 v1.2d Bold Symbols
\pmbraise@=\dimen104
)
(/usr/local/texlive/2017/texmf-dist/tex/latex/amsmath/amsopn.sty
Package: amsopn 2016/03/08 v2.02 operator names
)
\inf@bad=\count88
LaTeX Info: Redefining \frac on input line 213.
\uproot@=\count89
\leftroot@=\count90
LaTeX Info: Redefining \overline on input line 375.
\classnum@=\count91
\DOTSCASE@=\count92
LaTeX Info: Redefining \ldots on input line 472.
LaTeX Info: Redefining \dots on input line 475.
LaTeX Info: Redefining \cdots on input line 596.
\Mathstrutbox@=\box26
\strutbox@=\box27
\big@size=\dimen105
LaTeX Font Info:    Redeclaring font encoding OML on input line 712.
LaTeX Font Info:    Redeclaring font encoding OMS on input line 713.
\macc@depth=\count93
\c@MaxMatrixCols=\count94
\dotsspace@=\muskip10
\c@parentequation=\count95
\dspbrk@lvl=\count96
\tag@help=\toks21
\row@=\count97
\column@=\count98
\maxfields@=\count99
\andhelp@=\toks22
\eqnshift@=\dimen106
\alignsep@=\dimen107
\tagshift@=\dimen108
\tagwidth@=\dimen109
\totwidth@=\dimen110
\lineht@=\dimen111
\@envbody=\toks23
\multlinegap=\skip47
\multlinetaggap=\skip48
\mathdisplay@stack=\toks24
LaTeX Info: Redefining \[ on input line 2817.
LaTeX Info: Redefining \] on input line 2818.
)
(/usr/local/texlive/2017/texmf-dist/tex/latex/tipa/tipa.sty
Package: tipa 2002/08/08 TIPA version 1.1

(/usr/local/texlive/2017/texmf-dist/tex/latex/base/fontenc.sty
Package: fontenc 2017/04/05 v2.0i Standard LaTeX package

(/usr/local/texlive/2017/texmf-dist/tex/latex/tipa/t3enc.def
File: t3enc.def 2001/12/31 T3 encoding
)
(/usr/local/texlive/2017/texmf-dist/tex/latex/base/tuenc.def
File: tuenc.def 2017/04/05 v2.0i Standard LaTeX file
LaTeX Font Info:    Redeclaring font encoding TU on input line 82.
)))
(/usr/local/texlive/2017/texmf-dist/tex/latex/amsfonts/amssymb.sty
Package: amssymb 2013/01/14 v3.01 AMS font symbols

(/usr/local/texlive/2017/texmf-dist/tex/latex/amsfonts/amsfonts.sty
Package: amsfonts 2013/01/14 v3.01 Basic AMSFonts support
\symAMSa=\mathgroup4
\symAMSb=\mathgroup5
LaTeX Font Info:    Overwriting math alphabet `\mathfrak' in version `bold'
(Font)                  U/euf/m/n --> U/euf/b/n on input line 106.
))
(/usr/local/texlive/2017/texmf-dist/tex/latex/fontspec/fontspec.sty
(/usr/local/texlive/2017/texmf-dist/tex/latex/l3kernel/expl3.sty
Package: expl3 2017/05/13 L3 programming layer (loader) 

(/usr/local/texlive/2017/texmf-dist/tex/latex/l3kernel/expl3-code.tex
Package: expl3 2017/05/13 L3 programming layer (code)
\c_max_int=\count100
\l_tmpa_int=\count101
\l_tmpb_int=\count102
\g_tmpa_int=\count103
\g_tmpb_int=\count104
\g__prg_map_int=\count105
\c_log_iow=\count106
\l_iow_line_count_int=\count107
\l__iow_line_target_int=\count108
\l__iow_one_indent_int=\count109
\l__iow_indent_int=\count110
\c_zero_dim=\dimen112
\c_max_dim=\dimen113
\l_tmpa_dim=\dimen114
\l_tmpb_dim=\dimen115
\g_tmpa_dim=\dimen116
\g_tmpb_dim=\dimen117
\c_zero_skip=\skip49
\c_max_skip=\skip50
\l_tmpa_skip=\skip51
\l_tmpb_skip=\skip52
\g_tmpa_skip=\skip53
\g_tmpb_skip=\skip54
\c_zero_muskip=\muskip11
\c_max_muskip=\muskip12
\l_tmpa_muskip=\muskip13
\l_tmpb_muskip=\muskip14
\g_tmpa_muskip=\muskip15
\g_tmpb_muskip=\muskip16
\l_keys_choice_int=\count111
\c__fp_leading_shift_int=\count112
\c__fp_middle_shift_int=\count113
\c__fp_trailing_shift_int=\count114
\c__fp_big_leading_shift_int=\count115
\c__fp_big_middle_shift_int=\count116
\c__fp_big_trailing_shift_int=\count117
\c__fp_Bigg_leading_shift_int=\count118
\c__fp_Bigg_middle_shift_int=\count119
\c__fp_Bigg_trailing_shift_int=\count120
\l__sort_length_int=\count121
\l__sort_min_int=\count122
\l__sort_top_int=\count123
\l__sort_max_int=\count124
\l__sort_true_max_int=\count125
\l__sort_block_int=\count126
\l__sort_begin_int=\count127
\l__sort_end_int=\count128
\l__sort_A_int=\count129
\l__sort_B_int=\count130
\l__sort_C_int=\count131
\c_empty_box=\box28
\l_tmpa_box=\box29
\l_tmpb_box=\box30
\g_tmpa_box=\box31
\g_tmpb_box=\box32
\l__box_top_dim=\dimen118
\l__box_bottom_dim=\dimen119
\l__box_left_dim=\dimen120
\l__box_right_dim=\dimen121
\l__box_top_new_dim=\dimen122
\l__box_bottom_new_dim=\dimen123
\l__box_left_new_dim=\dimen124
\l__box_right_new_dim=\dimen125
\l__box_internal_box=\box33
\l__coffin_internal_box=\box34
\l__coffin_internal_dim=\dimen126
\l__coffin_offset_x_dim=\dimen127
\l__coffin_offset_y_dim=\dimen128
\l__coffin_x_dim=\dimen129
\l__coffin_y_dim=\dimen130
\l__coffin_x_prime_dim=\dimen131
\l__coffin_y_prime_dim=\dimen132
\c_empty_coffin=\box35
\l__coffin_aligned_coffin=\box36
\l__coffin_aligned_internal_coffin=\box37
\l_tmpa_coffin=\box38
\l_tmpb_coffin=\box39
\l__coffin_display_coffin=\box40
\l__coffin_display_coord_coffin=\box41
\l__coffin_display_pole_coffin=\box42
\l__coffin_display_offset_dim=\dimen133
\l__coffin_display_x_dim=\dimen134
\l__coffin_display_y_dim=\dimen135
\l__coffin_bounding_shift_dim=\dimen136
\l__coffin_left_corner_dim=\dimen137
\l__coffin_right_corner_dim=\dimen138
\l__coffin_bottom_corner_dim=\dimen139
\l__coffin_top_corner_dim=\dimen140
\l__coffin_scaled_total_height_dim=\dimen141
\l__coffin_scaled_width_dim=\dimen142
)
(/usr/local/texlive/2017/texmf-dist/tex/latex/l3kernel/l3xdvipdfmx.def
File: l3xdvidpfmx.def 2017/03/18 v L3 Experimental driver: xdvipdfmx
\l__driver_tmp_box=\box43
))
(/usr/local/texlive/2017/texmf-dist/tex/latex/l3packages/xparse/xparse.sty
Package: xparse 2017/05/13 L3 Experimental document command parser
\l__xparse_current_arg_int=\count132
\g__xparse_grabber_int=\count133
\l__xparse_m_args_int=\count134
\l__xparse_mandatory_args_int=\count135
\l__xparse_v_nesting_int=\count136
)
Package: fontspec 2017/03/31 v2.6a Font selection for XeLaTeX and LuaLaTeX

(/usr/local/texlive/2017/texmf-dist/tex/latex/fontspec/fontspec-xetex.sty
Package: fontspec-xetex 2017/03/31 v2.6a Font selection for XeLaTeX and LuaLaTe
X
\l__fontspec_script_int=\count137
\l__fontspec_language_int=\count138
\l__fontspec_strnum_int=\count139
\l__fontspec_tmp_int=\count140
\l__fontspec_em_int=\count141
\l__fontspec_emdef_int=\count142
\l__fontspec_strong_int=\count143
\l__fontspec_strongdef_int=\count144
\l__fontspec_tmpa_dim=\dimen143
\l__fontspec_tmpb_dim=\dimen144
\l__fontspec_tmpc_dim=\dimen145
\g__file_internal_ior=\read1

(/usr/local/texlive/2017/texmf-dist/tex/latex/base/fontenc.sty
Package: fontenc 2017/04/05 v2.0i Standard LaTeX package

(/usr/local/texlive/2017/texmf-dist/tex/latex/base/tuenc.def
File: tuenc.def 2017/04/05 v2.0i Standard LaTeX file
LaTeX Font Info:    Redeclaring font encoding TU on input line 82.
))
.................................................
. LaTeX info: "xparse/define-command"
. 
. Defining command \fontspec with sig. 'O{}mO{}' on line 472.
.................................................
.................................................
. LaTeX info: "xparse/define-command"
. 
. Defining command \setmainfont with sig. 'O{}mO{}' on line 483.
.................................................
.................................................
. LaTeX info: "xparse/define-command"
. 
. Defining command \setsansfont with sig. 'O{}mO{}' on line 503.
.................................................
.................................................
. LaTeX info: "xparse/define-command"
. 
. Defining command \setmonofont with sig. 'O{}mO{}' on line 523.
.................................................
.................................................
. LaTeX info: "xparse/define-command"
. 
. Defining command \setromanfont with sig. 'O{}mO{}' on line 543.
.................................................
.................................................
. LaTeX info: "xparse/define-command"
. 
. Defining command \setmathrm with sig. 'O{}mO{}' on line 547.
.................................................
.................................................
. LaTeX info: "xparse/define-command"
. 
. Defining command \setboldmathrm with sig. 'O{}mO{}' on line 555.
.................................................
.................................................
. LaTeX info: "xparse/define-command"
. 
. Defining command \setmathsf with sig. 'O{}mO{}' on line 563.
.................................................
.................................................
. LaTeX info: "xparse/define-command"
. 
. Defining command \setmathtt with sig. 'O{}mO{}' on line 571.
.................................................
.................................................
. LaTeX info: "xparse/define-command"
. 
. Defining command \newfontfamily with sig. 'mO{}mO{}' on line 586.
.................................................
.................................................
. LaTeX info: "xparse/define-command"
. 
. Defining command \newfontface with sig. 'mO{}mO{}' on line 603.
.................................................
.................................................
. LaTeX info: "xparse/define-command"
. 
. Defining command \defaultfontfeatures with sig. 't+om' on line 614.
.................................................
.................................................
. LaTeX info: "xparse/define-command"
. 
. Defining command \addfontfeatures with sig. 'm' on line 645.
.................................................
.................................................
. LaTeX info: "xparse/define-command"
. 
. Defining command \newfontfeature with sig. 'mm' on line 672.
.................................................
.................................................
. LaTeX info: "xparse/define-command"
. 
. Defining command \newAATfeature with sig. 'mmmm' on line 686.
.................................................
.................................................
. LaTeX info: "xparse/define-command"
. 
. Defining command \newopentypefeature with sig. 'mmm' on line 700.
.................................................
.................................................
. LaTeX info: "xparse/define-command"
. 
. Defining command \newICUfeature with sig. 'mmm' on line 720.
.................................................
.................................................
. LaTeX info: "xparse/define-command"
. 
. Defining command \aliasfontfeature with sig. 'mm' on line 724.
.................................................
.................................................
. LaTeX info: "xparse/define-command"
. 
. Defining command \aliasfontfeatureoption with sig. 'mmm' on line 745.
.................................................
.................................................
. LaTeX info: "xparse/define-command"
. 
. Defining command \newfontscript with sig. 'mm' on line 778.
.................................................
.................................................
. LaTeX info: "xparse/define-command"
. 
. Defining command \newfontlanguage with sig. 'mm' on line 782.
.................................................
.................................................
. LaTeX info: "xparse/define-command"
. 
. Defining command \DeclareFontsExtensions with sig. 'm' on line 786.
.................................................
.................................................
. LaTeX info: "xparse/define-command"
. 
. Defining command \IfFontFeatureActiveTF with sig. 'mmm' on line 797.
.................................................
.................................................
. LaTeX info: "xparse/define-command"
. 
. Defining command \EncodingCommand with sig. 'mO{}m' on line 3438.
.................................................
.................................................
. LaTeX info: "xparse/define-command"
. 
. Defining command \EncodingAccent with sig. 'mm' on line 3444.
.................................................
.................................................
. LaTeX info: "xparse/define-command"
. 
. Defining command \EncodingSymbol with sig. 'mm' on line 3450.
.................................................
.................................................
. LaTeX info: "xparse/define-command"
. 
. Defining command \EncodingComposite with sig. 'mmm' on line 3456.
.................................................
.................................................
. LaTeX info: "xparse/define-command"
. 
. Defining command \EncodingCompositeCommand with sig. 'mmm' on line 3462.
.................................................
.................................................
. LaTeX info: "xparse/define-command"
. 
. Defining command \DeclareUnicodeEncoding with sig. 'mm' on line 3487.
.................................................
.................................................
. LaTeX info: "xparse/define-command"
. 
. Defining command \UndeclareSymbol with sig. 'm' on line 3493.
.................................................
.................................................
. LaTeX info: "xparse/define-command"
. 
. Defining command \UndeclareComposite with sig. 'mm' on line 3501.
.................................................

(/usr/local/texlive/2017/texmf-dist/tex/latex/fontspec/fontspec.cfg)
LaTeX Info: Redefining \itshape on input line 3686.
LaTeX Info: Redefining \slshape on input line 3691.
LaTeX Info: Redefining \scshape on input line 3696.
LaTeX Info: Redefining \upshape on input line 3701.
LaTeX Info: Redefining \em on input line 3731.
LaTeX Info: Redefining \emph on input line 3756.
LaTeX Info: Redefining \- on input line 3807.
.................................................
. LaTeX info: "xparse/redefine-command"
. 
. Redefining command \oldstylenums with sig. 'm' on line 3902.
.................................................
.................................................
. LaTeX info: "xparse/define-command"
. 
. Defining command \liningnums with sig. 'm' on line 3906.
.................................................
))
(/usr/local/texlive/2017/texmf-dist/tex/latex/titling/titling.sty
Package: titling 2009/09/04 v2.1d maketitle typesetting
\thanksmarkwidth=\skip55
\thanksmargin=\skip56
\droptitle=\skip57
)
(/usr/local/texlive/2017/texmf-dist/tex/latex/titlesec/titlesec.sty
Package: titlesec 2016/03/21 v2.10.2 Sectioning titles
\ttl@box=\box44
\beforetitleunit=\skip58
\aftertitleunit=\skip59
\ttl@plus=\dimen146
\ttl@minus=\dimen147
\ttl@toksa=\toks25
\titlewidth=\dimen148
\titlewidthlast=\dimen149
\titlewidthfirst=\dimen150
)
(/usr/local/texlive/2017/texmf-dist/tex/latex/blindtext/blindtext.sty
Package: blindtext 2012/01/06 V2.0 blindtext-Package

(/usr/local/texlive/2017/texmf-dist/tex/latex/tools/xspace.sty
Package: xspace 2014/10/28 v1.13 Space after command names (DPC,MH)
)
\c@blindtext=\count145
\c@Blindtext=\count146
\c@blind@countparstart=\count147
\blind@countxx=\count148
\blindtext@numBlindtext=\count149
\blind@countyy=\count150
\c@blindlist=\count151
\c@blindlistlevel=\count152
\c@blindlist@level=\count153
\blind@listitem=\count154
\c@blind@listcount=\count155
\c@blind@levelcount=\count156
\blind@mathformula=\count157
\blind@Mathformula=\count158
\c@blind@randomcount=\count159
\c@blind@randommax=\count160
\c@blind@pangramcount=\count161
\c@blind@pangrammax=\count162
)
(/usr/local/texlive/2017/texmf-dist/tex/latex/graphics/color.sty
Package: color 2016/07/10 v1.1e Standard LaTeX Color (DPC)

(/usr/local/texlive/2017/texmf-dist/tex/latex/graphics-cfg/color.cfg
File: color.cfg 2016/01/02 v1.6 sample color configuration
)
Package color Info: Driver file: xetex.def on input line 147.

(/usr/local/texlive/2017/texmf-dist/tex/latex/graphics-def/xetex.def
File: xetex.def 2016/07/11 v4.10 LaTeX color/graphics driver for XeTeX (L3/RRM/
JK)
))
(/usr/local/texlive/2017/texmf-dist/tex/latex/polyglossia/polyglossia.sty
Package: polyglossia 2015/03/25 v1.42.4 Alternative to Babel for XeLaTeX and Lu
aLaTeX

(/usr/local/texlive/2017/texmf-dist/tex/latex/etoolbox/etoolbox.sty
Package: etoolbox 2017/01/02 v2.4 e-TeX tools for LaTeX (JAW)
\etb@tempcnta=\count163
)
(/usr/local/texlive/2017/texmf-dist/tex/latex/makecmds/makecmds.sty
Package: makecmds 2009/09/03 v1.0a extra command making commands
)
(/usr/local/texlive/2017/texmf-dist/tex/latex/xkeyval/xkeyval.sty
Package: xkeyval 2014/12/03 v2.7a package option processing (HA)

(/usr/local/texlive/2017/texmf-dist/tex/generic/xkeyval/xkeyval.tex
(/usr/local/texlive/2017/texmf-dist/tex/generic/xkeyval/xkvutils.tex
\XKV@toks=\toks26
\XKV@tempa@toks=\toks27

(/usr/local/texlive/2017/texmf-dist/tex/generic/xkeyval/keyval.tex))
\XKV@depth=\count164
File: xkeyval.tex 2014/12/03 v2.7a key=value parser (HA)
))
(/usr/local/texlive/2017/texmf-dist/tex/generic/oberdiek/ifluatex.sty
Package: ifluatex 2016/05/16 v1.4 Provides the ifluatex switch (HO)
Package ifluatex Info: LuaTeX not detected.
)
(/usr/local/texlive/2017/texmf-dist/tex/generic/ifxetex/ifxetex.sty
Package: ifxetex 2010/09/12 v0.6 Provides ifxetex conditional
)
\xpg@normalclass=\XeTeXcharclass1
)
(/usr/local/texlive/2017/texmf-dist/tex/latex/polyglossia/gloss-spanish.ldf
File: gloss-spanish.ldf polyglossia: module for spanish
)
Package polyglossia Info: Default language is spanish.

(/usr/local/texlive/2017/texmf-dist/tex/latex/newtx/newtxmath.sty
Package: newtxmath 2017/02/12 v1.518

`newtxmath' v1.518, 2017/02/12 Math macros based on txfonts (msharpe)
(/usr/local/texlive/2017/texmf-dist/tex/generic/kastrup/binhex.tex)
\tx@Isdigit=\count165
LaTeX Font Info:    Redeclaring symbol font `operators' on input line 153.
LaTeX Font Info:    Overwriting symbol font `operators' in version `normal'
(Font)                  OT1/cmr/m/n --> OT1/lmr/m/n on input line 153.
LaTeX Font Info:    Overwriting symbol font `operators' in version `bold'
(Font)                  OT1/cmr/bx/n --> OT1/lmr/m/n on input line 153.
LaTeX Font Info:    Overwriting symbol font `operators' in version `bold'
(Font)                  OT1/lmr/m/n --> OT1/lmr/b/n on input line 154.
LaTeX Font Info:    Redeclaring math alphabet \mathsf on input line 160.
LaTeX Font Info:    Overwriting math alphabet `\mathsf' in version `normal'
(Font)                  OT1/cmss/m/n --> TU/lmss/m/n on input line 160.
LaTeX Font Info:    Overwriting math alphabet `\mathsf' in version `bold'
(Font)                  OT1/cmss/bx/n --> TU/lmss/m/n on input line 160.
LaTeX Font Info:    Redeclaring math alphabet \mathit on input line 161.
LaTeX Font Info:    Overwriting math alphabet `\mathit' in version `normal'
(Font)                  OT1/cmr/m/it --> OT1/lmr/m/it on input line 161.
LaTeX Font Info:    Overwriting math alphabet `\mathit' in version `bold'
(Font)                  OT1/cmr/bx/it --> OT1/lmr/m/it on input line 161.
LaTeX Font Info:    Redeclaring math alphabet \mathtt on input line 162.
LaTeX Font Info:    Overwriting math alphabet `\mathtt' in version `normal'
(Font)                  OT1/cmtt/m/n --> TU/lmtt/m/n on input line 162.
LaTeX Font Info:    Overwriting math alphabet `\mathtt' in version `bold'
(Font)                  OT1/cmtt/m/n --> TU/lmtt/m/n on input line 162.
LaTeX Font Info:    Redeclaring math alphabet \mathbf on input line 164.
LaTeX Font Info:    Overwriting math alphabet `\mathbf' in version `normal'
(Font)                  OT1/cmr/bx/n --> OT1/lmr/b/n on input line 164.
LaTeX Font Info:    Overwriting math alphabet `\mathbf' in version `bold'
(Font)                  OT1/cmr/bx/n --> OT1/lmr/b/n on input line 164.
LaTeX Font Info:    Overwriting math alphabet `\mathit' in version `bold'
(Font)                  OT1/lmr/m/it --> OT1/lmr/b/it on input line 165.
LaTeX Font Info:    Overwriting math alphabet `\mathsf' in version `bold'
(Font)                  TU/lmss/m/n --> TU/lmss/b/n on input line 166.
LaTeX Font Info:    Overwriting math alphabet `\mathtt' in version `bold'
(Font)                  TU/lmtt/m/n --> TU/lmtt/b/n on input line 167.
LaTeX Font Info:    Redeclaring symbol font `letters' on input line 218.
LaTeX Font Info:    Overwriting symbol font `letters' in version `normal'
(Font)                  OML/cmm/m/it --> OML/ntxmi/m/it on input line 218.
LaTeX Font Info:    Overwriting symbol font `letters' in version `bold'
(Font)                  OML/cmm/b/it --> OML/ntxmi/m/it on input line 218.
LaTeX Font Info:    Overwriting symbol font `letters' in version `bold'
(Font)                  OML/ntxmi/m/it --> OML/ntxmi/b/it on input line 219.
\symlettersA=\mathgroup6
LaTeX Font Info:    Overwriting symbol font `lettersA' in version `bold'
(Font)                  U/ntxmia/m/it --> U/ntxmia/b/it on input line 235.
LaTeX Font Info:    Redeclaring math alphabet \mathfrak on input line 237.
LaTeX Font Info:    Redeclaring symbol font `symbols' on input line 256.
LaTeX Font Info:    Encoding `OMS' has changed to `LMS' for symbol font
(Font)              `symbols' in the math version `normal' on input line 256.
LaTeX Font Info:    Overwriting symbol font `symbols' in version `normal'
(Font)                  OMS/cmsy/m/n --> LMS/ntxsy/m/n on input line 256.
LaTeX Font Info:    Encoding `OMS' has changed to `LMS' for symbol font
(Font)              `symbols' in the math version `bold' on input line 256.
LaTeX Font Info:    Overwriting symbol font `symbols' in version `bold'
(Font)                  OMS/cmsy/b/n --> LMS/ntxsy/m/n on input line 256.
LaTeX Font Info:    Overwriting symbol font `symbols' in version `bold'
(Font)                  LMS/ntxsy/m/n --> LMS/ntxsy/b/n on input line 257.
\symAMSm=\mathgroup7
LaTeX Font Info:    Overwriting symbol font `AMSm' in version `bold'
(Font)                  U/ntxsym/m/n --> U/ntxsym/b/n on input line 280.
\symsymbolsC=\mathgroup8
LaTeX Font Info:    Overwriting symbol font `symbolsC' in version `bold'
(Font)                  U/ntxsyc/m/n --> U/ntxsyc/b/n on input line 301.
LaTeX Font Info:    Redeclaring symbol font `largesymbols' on input line 314.
LaTeX Font Info:    Encoding `OMX' has changed to `LMX' for symbol font
(Font)              `largesymbols' in the math version `normal' on input line 3
14.
LaTeX Font Info:    Overwriting symbol font `largesymbols' in version `normal'
(Font)                  OMX/cmex/m/n --> LMX/ntxexx/m/n on input line 314.
LaTeX Font Info:    Encoding `OMX' has changed to `LMX' for symbol font
(Font)              `largesymbols' in the math version `bold' on input line 314
.
LaTeX Font Info:    Overwriting symbol font `largesymbols' in version `bold'
(Font)                  OMX/cmex/m/n --> LMX/ntxexx/m/n on input line 314.
LaTeX Font Info:    Overwriting symbol font `largesymbols' in version `bold'
(Font)                  LMX/ntxexx/m/n --> LMX/ntxexx/b/n on input line 315.
\symlargesymbolsTXA=\mathgroup9
LaTeX Font Info:    Overwriting symbol font `largesymbolsTXA' in version `bold'

(Font)                  U/ntxexa/m/n --> U/ntxexa/b/n on input line 329.
LaTeX Font Info:    Redeclaring math delimiter \lgroup on input line 500.
LaTeX Font Info:    Redeclaring math delimiter \rgroup on input line 501.
LaTeX Font Info:    Redeclaring math delimiter \lmoustache on input line 502.
LaTeX Font Info:    Redeclaring math delimiter \rmoustache on input line 503.
LaTeX Font Info:    Redeclaring math delimiter \lfloor on input line 509.
LaTeX Font Info:    Redeclaring math delimiter \rfloor on input line 510.
LaTeX Font Info:    Redeclaring math delimiter \lceil on input line 511.
LaTeX Font Info:    Redeclaring math delimiter \rceil on input line 512.
LaTeX Font Info:    Redeclaring math delimiter \lbrace on input line 513.
LaTeX Font Info:    Redeclaring math delimiter \rbrace on input line 514.
LaTeX Font Info:    Redeclaring math delimiter \langle on input line 515.
LaTeX Font Info:    Redeclaring math delimiter \rangle on input line 517.
LaTeX Font Info:    Redeclaring math symbol \mid on input line 519.
LaTeX Font Info:    Redeclaring math delimiter \arrowvert on input line 521.
LaTeX Font Info:    Redeclaring math delimiter \vert on input line 522.
LaTeX Font Info:    Redeclaring math symbol \parallel on input line 523.
LaTeX Font Info:    Redeclaring math delimiter \Arrowvert on input line 524.
LaTeX Font Info:    Redeclaring math delimiter \Vert on input line 525.
LaTeX Font Info:    Redeclaring math delimiter \updownarrow on input line 527.
LaTeX Font Info:    Redeclaring math delimiter \Updownarrow on input line 528.
LaTeX Font Info:    Redeclaring math delimiter \lvert on input line 533.
LaTeX Font Info:    Redeclaring math delimiter \rvert on input line 534.
LaTeX Font Info:    Redeclaring math delimiter \lVert on input line 535.
LaTeX Font Info:    Redeclaring math delimiter \rVert on input line 536.
LaTeX Info: Redefining \not on input line 2099.
LaTeX Info: Redefining \textsquare on input line 2120.
LaTeX Info: Redefining \openbox on input line 2122.
)
(/usr/local/texlive/2017/texmf-dist/tex/latex/ebgaramond-maths/ebgaramond-maths
.sty
Package: ebgaramond-maths 2014/11/30 v1.1 ebgaramond-maths for use with EBGaram
ond
 (/usr/local/texlive/2017/texmf-dist/tex/latex/ebgaramond/ebgaramond.sty
Package: ebgaramond 2014/11/25 (Bob Tennent and autoinst) Style file for EB Gar
amond fonts.

(/usr/local/texlive/2017/texmf-dist/tex/latex/base/textcomp.sty
Package: textcomp 2017/04/05 v2.0i Standard LaTeX package
Package textcomp Info: Sub-encoding information:
(textcomp)               5 = only ISO-Adobe without \textcurrency
(textcomp)               4 = 5 + \texteuro
(textcomp)               3 = 4 + \textohm
(textcomp)               2 = 3 + \textestimated + \textcurrency
(textcomp)               1 = TS1 - \textcircled - \t
(textcomp)               0 = TS1 (full)
(textcomp)             Font families with sub-encoding setting implement
(textcomp)             only a restricted character set as indicated.
(textcomp)             Family '?' is the default used for unknown fonts.
(textcomp)             See the documentation for details.
Package textcomp Info: Setting ? sub-encoding to TS1/1 on input line 79.

(/usr/local/texlive/2017/texmf-dist/tex/latex/base/ts1enc.def
File: ts1enc.def 2001/06/05 v3.0e (jk/car/fm) Standard LaTeX file
)
LaTeX Info: Redefining \oldstylenums on input line 334.
Package textcomp Info: Setting cmr sub-encoding to TS1/0 on input line 349.
Package textcomp Info: Setting cmss sub-encoding to TS1/0 on input line 350.
Package textcomp Info: Setting cmtt sub-encoding to TS1/0 on input line 351.
Package textcomp Info: Setting cmvtt sub-encoding to TS1/0 on input line 352.
Package textcomp Info: Setting cmbr sub-encoding to TS1/0 on input line 353.
Package textcomp Info: Setting cmtl sub-encoding to TS1/0 on input line 354.
Package textcomp Info: Setting ccr sub-encoding to TS1/0 on input line 355.
Package textcomp Info: Setting ptm sub-encoding to TS1/4 on input line 356.
Package textcomp Info: Setting pcr sub-encoding to TS1/4 on input line 357.
Package textcomp Info: Setting phv sub-encoding to TS1/4 on input line 358.
Package textcomp Info: Setting ppl sub-encoding to TS1/3 on input line 359.
Package textcomp Info: Setting pag sub-encoding to TS1/4 on input line 360.
Package textcomp Info: Setting pbk sub-encoding to TS1/4 on input line 361.
Package textcomp Info: Setting pnc sub-encoding to TS1/4 on input line 362.
Package textcomp Info: Setting pzc sub-encoding to TS1/4 on input line 363.
Package textcomp Info: Setting bch sub-encoding to TS1/4 on input line 364.
Package textcomp Info: Setting put sub-encoding to TS1/5 on input line 365.
Package textcomp Info: Setting uag sub-encoding to TS1/5 on input line 366.
Package textcomp Info: Setting ugq sub-encoding to TS1/5 on input line 367.
Package textcomp Info: Setting ul8 sub-encoding to TS1/4 on input line 368.
Package textcomp Info: Setting ul9 sub-encoding to TS1/4 on input line 369.
Package textcomp Info: Setting augie sub-encoding to TS1/5 on input line 370.
Package textcomp Info: Setting dayrom sub-encoding to TS1/3 on input line 371.
Package textcomp Info: Setting dayroms sub-encoding to TS1/3 on input line 372.

Package textcomp Info: Setting pxr sub-encoding to TS1/0 on input line 373.
Package textcomp Info: Setting pxss sub-encoding to TS1/0 on input line 374.
Package textcomp Info: Setting pxtt sub-encoding to TS1/0 on input line 375.
Package textcomp Info: Setting txr sub-encoding to TS1/0 on input line 376.
Package textcomp Info: Setting txss sub-encoding to TS1/0 on input line 377.
Package textcomp Info: Setting txtt sub-encoding to TS1/0 on input line 378.
Package textcomp Info: Setting lmr sub-encoding to TS1/0 on input line 379.
Package textcomp Info: Setting lmdh sub-encoding to TS1/0 on input line 380.
Package textcomp Info: Setting lmss sub-encoding to TS1/0 on input line 381.
Package textcomp Info: Setting lmssq sub-encoding to TS1/0 on input line 382.
Package textcomp Info: Setting lmvtt sub-encoding to TS1/0 on input line 383.
Package textcomp Info: Setting lmtt sub-encoding to TS1/0 on input line 384.
Package textcomp Info: Setting qhv sub-encoding to TS1/0 on input line 385.
Package textcomp Info: Setting qag sub-encoding to TS1/0 on input line 386.
Package textcomp Info: Setting qbk sub-encoding to TS1/0 on input line 387.
Package textcomp Info: Setting qcr sub-encoding to TS1/0 on input line 388.
Package textcomp Info: Setting qcs sub-encoding to TS1/0 on input line 389.
Package textcomp Info: Setting qpl sub-encoding to TS1/0 on input line 390.
Package textcomp Info: Setting qtm sub-encoding to TS1/0 on input line 391.
Package textcomp Info: Setting qzc sub-encoding to TS1/0 on input line 392.
Package textcomp Info: Setting qhvc sub-encoding to TS1/0 on input line 393.
Package textcomp Info: Setting futs sub-encoding to TS1/4 on input line 394.
Package textcomp Info: Setting futx sub-encoding to TS1/4 on input line 395.
Package textcomp Info: Setting futj sub-encoding to TS1/4 on input line 396.
Package textcomp Info: Setting hlh sub-encoding to TS1/3 on input line 397.
Package textcomp Info: Setting hls sub-encoding to TS1/3 on input line 398.
Package textcomp Info: Setting hlst sub-encoding to TS1/3 on input line 399.
Package textcomp Info: Setting hlct sub-encoding to TS1/5 on input line 400.
Package textcomp Info: Setting hlx sub-encoding to TS1/5 on input line 401.
Package textcomp Info: Setting hlce sub-encoding to TS1/5 on input line 402.
Package textcomp Info: Setting hlcn sub-encoding to TS1/5 on input line 403.
Package textcomp Info: Setting hlcw sub-encoding to TS1/5 on input line 404.
Package textcomp Info: Setting hlcf sub-encoding to TS1/5 on input line 405.
Package textcomp Info: Setting pplx sub-encoding to TS1/3 on input line 406.
Package textcomp Info: Setting pplj sub-encoding to TS1/3 on input line 407.
Package textcomp Info: Setting ptmx sub-encoding to TS1/4 on input line 408.
Package textcomp Info: Setting ptmj sub-encoding to TS1/4 on input line 409.
)
Requested font "[EBGaramond12-Regular.otf]/OT" at 10.0pt
 -> /usr/local/texlive/2017/texmf-dist/fonts/opentype/public/ebgaramond/EBGaram
ond12-Regular.otf
\g__fontspec_family_EBGaramond12_int=\count166
Requested font "[EBGaramond12-Italic.otf]/OT" at 10.0pt
 -> /usr/local/texlive/2017/texmf-dist/fonts/opentype/public/ebgaramond/EBGaram
ond12-Italic.otf
.................................................
. fontspec info: "defining-font"
. 
. Font family 'EBGaramond12(0)' created for font 'EBGaramond12' with options
. [Ligatures = TeX,Scale = 1,SmallCapsFeatures={},Extension =
. .otf,Ligatures=TeX,Numbers = {Proportional,OldStyle},UprightFont =
. *-Regular,ItalicFont = *-Italic,BoldFont = *-Regular,BoldItalicFont =
. *-Italic].
.  
.  This font family consists of the following NFSS series/shapes:
.  
. - 'normal' (m/n) with NFSS spec.:
. <->s*[1]"[EBGaramond12-Regular.otf]/OT:script=latn;language=DFLT;+pnum;+onum;
mapping=tex-text;"
. - 'small caps'  (m/sc) with NFSS spec.:
. <->s*[1]"[EBGaramond12-Regular.otf]/OT:script=latn;language=DFLT;+pnum;+onum;
+smcp;mapping=tex-text;"
. - 'bold' (bx/n) with NFSS spec.:
. <->s*[1]"[EBGaramond12-Regular.otf]/OT:script=latn;language=DFLT;+pnum;+onum;
mapping=tex-text;"
. - 'bold small caps'  (bx/sc) with NFSS spec.:
. <->s*[1]"[EBGaramond12-Regular.otf]/OT:script=latn;language=DFLT;+pnum;+onum;
+smcp;mapping=tex-text;"
. - 'italic' (m/it) with NFSS spec.:
. <->s*[1]"[EBGaramond12-Italic.otf]/OT:script=latn;language=DFLT;+pnum;+onum;m
apping=tex-text;"
. - 'italic small caps'  (m/itsc) with NFSS spec.:
. <->s*[1]"[EBGaramond12-Italic.otf]/OT:script=latn;language=DFLT;+pnum;+onum;+
smcp;mapping=tex-text;"
. - 'bold italic' (bx/it) with NFSS spec.:
. <->s*[1]"[EBGaramond12-Italic.otf]/OT:script=latn;language=DFLT;+pnum;+onum;m
apping=tex-text;"
. - 'bold italic small caps'  (bx/itsc) with NFSS spec.:
. <->s*[1]"[EBGaramond12-Italic.otf]/OT:script=latn;language=DFLT;+pnum;+onum;+
smcp;mapping=tex-text;"
.................................................
LaTeX Info: Redefining \rmfamily on input line 83.
LaTeX Font Info:    Font shape `TU/EBGaramond12(0)/m/n' will be
(Font)              scaled to size 10.0pt on input line 83.
Requested font "[EBGaramond12-Regular.otf]/OT:script=latn;language=DFLT;+pnum;+
onum;mapping=tex-text;" at 10.0pt
 -> /usr/local/texlive/2017/texmf-dist/fonts/opentype/public/ebgaramond/EBGaram
ond12-Regular.otf
.................................................
. fontspec info: "defining-font"
. 
. Font family 'EBGaramond12(1)' created for font 'EBGaramond12' with options
. [Ligatures = TeX,Scale = 1,SmallCapsFeatures={},Extension = .otf,Numbers =
. {Proportional,OldStyle},UprightFont = *-Regular,ItalicFont =
. *-Italic,BoldFont = *-Regular,BoldItalicFont = *-Italic].
.  
.  This font family consists of the following NFSS series/shapes:
.  
. - 'normal' (m/n) with NFSS spec.:
. <->s*[1]"[EBGaramond12-Regular.otf]/OT:script=latn;language=DFLT;+pnum;+onum;
mapping=tex-text;"
. - 'small caps'  (m/sc) with NFSS spec.:
. <->s*[1]"[EBGaramond12-Regular.otf]/OT:script=latn;language=DFLT;+pnum;+onum;
+smcp;mapping=tex-text;"
. - 'bold' (bx/n) with NFSS spec.:
. <->s*[1]"[EBGaramond12-Regular.otf]/OT:script=latn;language=DFLT;+pnum;+onum;
mapping=tex-text;"
. - 'bold small caps'  (bx/sc) with NFSS spec.:
. <->s*[1]"[EBGaramond12-Regular.otf]/OT:script=latn;language=DFLT;+pnum;+onum;
+smcp;mapping=tex-text;"
. - 'italic' (m/it) with NFSS spec.:
. <->s*[1]"[EBGaramond12-Italic.otf]/OT:script=latn;language=DFLT;+pnum;+onum;m
apping=tex-text;"
. - 'italic small caps'  (m/itsc) with NFSS spec.:
. <->s*[1]"[EBGaramond12-Italic.otf]/OT:script=latn;language=DFLT;+pnum;+onum;+
smcp;mapping=tex-text;"
. - 'bold italic' (bx/it) with NFSS spec.:
. <->s*[1]"[EBGaramond12-Italic.otf]/OT:script=latn;language=DFLT;+pnum;+onum;m
apping=tex-text;"
. - 'bold italic small caps'  (bx/itsc) with NFSS spec.:
. <->s*[1]"[EBGaramond12-Italic.otf]/OT:script=latn;language=DFLT;+pnum;+onum;+
smcp;mapping=tex-text;"
.................................................
.................................................
. fontspec info: "defining-font"
. 
. Font family 'EBGaramond12(2)' created for font 'EBGaramond12' with options
. [Ligatures = TeX,Scale = 1,SmallCapsFeatures={},Extension =
. .otf,Style={Swash},Numbers = {Proportional,OldStyle},UprightFont =
. *-Italic,ItalicFont = *-Italic,BoldFont = *-Italic,BoldItalicFont =
. *-Italic].
.  
.  This font family consists of the following NFSS series/shapes:
.  
. - 'normal' (m/n) with NFSS spec.:
. <->s*[1]"[EBGaramond12-Italic.otf]/OT:script=latn;language=DFLT;+swsh;+pnum;+
onum;mapping=tex-text;"
. - 'small caps'  (m/sc) with NFSS spec.:
. <->s*[1]"[EBGaramond12-Italic.otf]/OT:script=latn;language=DFLT;+swsh;+pnum;+
onum;+smcp;mapping=tex-text;"
. - 'bold' (bx/n) with NFSS spec.:
. <->s*[1]"[EBGaramond12-Italic.otf]/OT:script=latn;language=DFLT;+swsh;+pnum;+
onum;mapping=tex-text;"
. - 'bold small caps'  (bx/sc) with NFSS spec.:
. <->s*[1]"[EBGaramond12-Italic.otf]/OT:script=latn;language=DFLT;+swsh;+pnum;+
onum;+smcp;mapping=tex-text;"
. - 'italic' (m/it) with NFSS spec.:
. <->s*[1]"[EBGaramond12-Italic.otf]/OT:script=latn;language=DFLT;+swsh;+pnum;+
onum;mapping=tex-text;"
. - 'italic small caps'  (m/itsc) with NFSS spec.:
. <->s*[1]"[EBGaramond12-Italic.otf]/OT:script=latn;language=DFLT;+swsh;+pnum;+
onum;+smcp;mapping=tex-text;"
. - 'bold italic' (bx/it) with NFSS spec.:
. <->s*[1]"[EBGaramond12-Italic.otf]/OT:script=latn;language=DFLT;+swsh;+pnum;+
onum;mapping=tex-text;"
. - 'bold italic small caps'  (bx/itsc) with NFSS spec.:
. <->s*[1]"[EBGaramond12-Italic.otf]/OT:script=latn;language=DFLT;+swsh;+pnum;+
onum;+smcp;mapping=tex-text;"
.................................................
.................................................
. fontspec info: "defining-font"
. 
. Font family 'EBGaramond12(3)' created for font 'EBGaramond12' with options
. [Ligatures = TeX,Scale = 1,SmallCapsFeatures={},Extension = .otf,Numbers =
. {Proportional,Lining},UprightFont = *-Regular,ItalicFont = *-Italic,BoldFont
. = *-Regular,BoldItalicFont = *-Italic].
.  
.  This font family consists of the following NFSS series/shapes:
.  
. - 'normal' (m/n) with NFSS spec.:
. <->s*[1]"[EBGaramond12-Regular.otf]/OT:script=latn;language=DFLT;+pnum;+lnum;
mapping=tex-text;"
. - 'small caps'  (m/sc) with NFSS spec.:
. <->s*[1]"[EBGaramond12-Regular.otf]/OT:script=latn;language=DFLT;+pnum;+lnum;
+smcp;mapping=tex-text;"
. - 'bold' (bx/n) with NFSS spec.:
. <->s*[1]"[EBGaramond12-Regular.otf]/OT:script=latn;language=DFLT;+pnum;+lnum;
mapping=tex-text;"
. - 'bold small caps'  (bx/sc) with NFSS spec.:
. <->s*[1]"[EBGaramond12-Regular.otf]/OT:script=latn;language=DFLT;+pnum;+lnum;
+smcp;mapping=tex-text;"
. - 'italic' (m/it) with NFSS spec.:
. <->s*[1]"[EBGaramond12-Italic.otf]/OT:script=latn;language=DFLT;+pnum;+lnum;m
apping=tex-text;"
. - 'italic small caps'  (m/itsc) with NFSS spec.:
. <->s*[1]"[EBGaramond12-Italic.otf]/OT:script=latn;language=DFLT;+pnum;+lnum;+
smcp;mapping=tex-text;"
. - 'bold italic' (bx/it) with NFSS spec.:
. <->s*[1]"[EBGaramond12-Italic.otf]/OT:script=latn;language=DFLT;+pnum;+lnum;m
apping=tex-text;"
. - 'bold italic small caps'  (bx/itsc) with NFSS spec.:
. <->s*[1]"[EBGaramond12-Italic.otf]/OT:script=latn;language=DFLT;+pnum;+lnum;+
smcp;mapping=tex-text;"
.................................................
Requested font "[EBGaramondInitials.otf]/OT" at 10.0pt
 -> /usr/local/texlive/2017/texmf-dist/fonts/opentype/public/ebgaramond/EBGaram
ondInitials.otf
Missing character: There is no   in font [EBGaramondInitials.otf]/OT!
.................................................
. fontspec info: "no-scripts"
. 
. Font "EBGaramondInitials" does not contain any OpenType `Script'
. information.
.................................................
\g__fontspec_family_EBGaramondInitials_int=\count167
.................................................
. fontspec info: "defining-font"
. 
. Font family 'EBGaramondInitials(0)' created for font 'EBGaramondInitials'
. with options [Ligatures = TeX,Scale = 1,SmallCapsFeatures={},Extension =
. .otf,BoldFont={},ItalicFont={},SmallCapsFont={}].
.  
.  This font family consists of the following NFSS series/shapes:
.  
. - 'normal' (m/n) with NFSS spec.:
. <->s*[1]"[EBGaramondInitials.otf]/OT:mapping=tex-text;"
. - 'small caps'  (m/sc) with NFSS spec.: 
.................................................
LaTeX Info: Redefining \oldstylenums on input line 120.
LaTeX Info: Redefining \liningnums on input line 121.
.................................................
. fontspec info: "defining-font"
. 
. Font family 'EBGaramond12(4)' created for font 'EBGaramond12' with options
. [Ligatures = TeX,Scale = 1,SmallCapsFeatures={},Extension = .otf,Numbers =
. {Monospaced,OldStyle},UprightFont = *-Regular,ItalicFont = *-Italic,BoldFont
. = *-Regular,BoldItalicFont = *-Italic].
.  
.  This font family consists of the following NFSS series/shapes:
.  
. - 'normal' (m/n) with NFSS spec.:
. <->s*[1]"[EBGaramond12-Regular.otf]/OT:script=latn;language=DFLT;+tnum;+onum;
mapping=tex-text;"
. - 'small caps'  (m/sc) with NFSS spec.:
. <->s*[1]"[EBGaramond12-Regular.otf]/OT:script=latn;language=DFLT;+tnum;+onum;
+smcp;mapping=tex-text;"
. - 'bold' (bx/n) with NFSS spec.:
. <->s*[1]"[EBGaramond12-Regular.otf]/OT:script=latn;language=DFLT;+tnum;+onum;
mapping=tex-text;"
. - 'bold small caps'  (bx/sc) with NFSS spec.:
. <->s*[1]"[EBGaramond12-Regular.otf]/OT:script=latn;language=DFLT;+tnum;+onum;
+smcp;mapping=tex-text;"
. - 'italic' (m/it) with NFSS spec.:
. <->s*[1]"[EBGaramond12-Italic.otf]/OT:script=latn;language=DFLT;+tnum;+onum;m
apping=tex-text;"
. - 'italic small caps'  (m/itsc) with NFSS spec.:
. <->s*[1]"[EBGaramond12-Italic.otf]/OT:script=latn;language=DFLT;+tnum;+onum;+
smcp;mapping=tex-text;"
. - 'bold italic' (bx/it) with NFSS spec.:
. <->s*[1]"[EBGaramond12-Italic.otf]/OT:script=latn;language=DFLT;+tnum;+onum;m
apping=tex-text;"
. - 'bold italic small caps'  (bx/itsc) with NFSS spec.:
. <->s*[1]"[EBGaramond12-Italic.otf]/OT:script=latn;language=DFLT;+tnum;+onum;+
smcp;mapping=tex-text;"
.................................................
)
LaTeX Font Info:    Redeclaring symbol font `letters' on input line 24.
LaTeX Font Info:    Overwriting symbol font `letters' in version `normal'
(Font)                  OML/ntxmi/m/it --> OML/EBGaramond-Maths/m/it on input l
ine 24.
LaTeX Font Info:    Overwriting symbol font `letters' in version `bold'
(Font)                  OML/ntxmi/b/it --> OML/EBGaramond-Maths/m/it on input l
ine 24.
LaTeX Font Info:    Redeclaring symbol font `operators' on input line 25.
LaTeX Font Info:    Overwriting symbol font `operators' in version `normal'
(Font)                  OT1/lmr/m/n --> OT1/EBGaramond-LF/m/n on input line 25.

LaTeX Font Info:    Overwriting symbol font `operators' in version `bold'
(Font)                  OT1/lmr/b/n --> OT1/EBGaramond-LF/m/n on input line 25.

LaTeX Font Info:    Overwriting symbol font `letters' in version `bold'
(Font)                  OML/EBGaramond-Maths/m/it --> OML/EBGaramond-Maths/b/it
 on input line 27.
LaTeX Font Info:    Overwriting symbol font `operators' in version `bold'
(Font)                  OT1/EBGaramond-LF/m/n --> OT1/EBGaramond-LF/bx/n on inp
ut line 28.
LaTeX Font Info:    Overwriting math alphabet `\mathbf' in version `normal'
(Font)                  OT1/lmr/b/n --> OT1/EBGaramond-LF/bx/n on input line 33
.
LaTeX Font Info:    Overwriting math alphabet `\mathbf' in version `bold'
(Font)                  OT1/lmr/b/n --> OT1/EBGaramond-LF/bx/n on input line 34
.
LaTeX Font Info:    Overwriting math alphabet `\mathit' in version `normal'
(Font)                  OT1/lmr/m/it --> OT1/EBGaramond-LF/m/it on input line 3
5.
LaTeX Font Info:    Overwriting math alphabet `\mathit' in version `bold'
(Font)                  OT1/lmr/b/it --> OT1/EBGaramond-LF/bx/it on input line 
36.
LaTeX Font Info:    Redeclaring math alphabet \mathcal on input line 38.
)
(/usr/local/texlive/2017/texmf-dist/tex/latex/base/fontenc.sty
Package: fontenc 2017/04/05 v2.0i Standard LaTeX package

(/usr/local/texlive/2017/texmf-dist/tex/latex/base/t1enc.def
File: t1enc.def 2017/04/05 v2.0i Standard LaTeX file
LaTeX Font Info:    Redeclaring font encoding T1 on input line 48.
)
LaTeX Font Info:    Try loading font information for T1+EBGaramond12(0) on inpu
t line 105.
LaTeX Font Info:    No file T1EBGaramond12(0).fd. on input line 105.


LaTeX Font Warning: Font shape `T1/EBGaramond12(0)/m/n' undefined
(Font)              using `T1/cmr/m/n' instead on input line 105.

Requested font "ecrm1000" at 10.0pt
 -> /usr/local/texlive/2017/texmf-dist/fonts/tfm/jknappen/ec/ecrm1000.tfm
) (/usr/local/texlive/2017/texmf-dist/tex/latex/setspace/setspace.sty
Package: setspace 2011/12/19 v6.7a set line spacing
)
(/usr/local/texlive/2017/texmf-dist/tex/latex/fancyhdr/fancyhdr.sty
Package: fancyhdr 2016/09/06 3.8 Extensive control of page headers and footers
\fancy@headwidth=\skip60
\f@ncyO@elh=\skip61
\f@ncyO@erh=\skip62
\f@ncyO@olh=\skip63
\f@ncyO@orh=\skip64
\f@ncyO@elf=\skip65
\f@ncyO@erf=\skip66
\f@ncyO@olf=\skip67
\f@ncyO@orf=\skip68
)
(/usr/local/texlive/2017/texmf-dist/tex/latex/geometry/geometry.sty
Package: geometry 2010/09/12 v5.6 Page Geometry

(/usr/local/texlive/2017/texmf-dist/tex/generic/oberdiek/ifpdf.sty
Package: ifpdf 2017/03/15 v3.2 Provides the ifpdf switch
)
(/usr/local/texlive/2017/texmf-dist/tex/generic/oberdiek/ifvtex.sty
Package: ifvtex 2016/05/16 v1.6 Detect VTeX and its facilities (HO)
Package ifvtex Info: VTeX not detected.
)
\Gm@cnth=\count168
\Gm@cntv=\count169
\c@Gm@tempcnt=\count170
\Gm@bindingoffset=\dimen151
\Gm@wd@mp=\dimen152
\Gm@odd@mp=\dimen153
\Gm@even@mp=\dimen154
\Gm@layoutwidth=\dimen155
\Gm@layoutheight=\dimen156
\Gm@layouthoffset=\dimen157
\Gm@layoutvoffset=\dimen158
\Gm@dimlist=\toks28
)
(/usr/local/texlive/2017/texmf-dist/tex/latex/hyperref/hyperref.sty
Package: hyperref 2017/03/14 v6.85a Hypertext links for LaTeX

(/usr/local/texlive/2017/texmf-dist/tex/generic/oberdiek/hobsub-hyperref.sty
Package: hobsub-hyperref 2016/05/16 v1.14 Bundle oberdiek, subset hyperref (HO)


(/usr/local/texlive/2017/texmf-dist/tex/generic/oberdiek/hobsub-generic.sty
Package: hobsub-generic 2016/05/16 v1.14 Bundle oberdiek, subset generic (HO)
Package: hobsub 2016/05/16 v1.14 Construct package bundles (HO)
Package: infwarerr 2016/05/16 v1.4 Providing info/warning/error messages (HO)
Package: ltxcmds 2016/05/16 v1.23 LaTeX kernel commands for general use (HO)
Package hobsub Info: Skipping package `ifluatex' (already loaded).
Package hobsub Info: Skipping package `ifvtex' (already loaded).
Package: intcalc 2016/05/16 v1.2 Expandable calculations with integers (HO)
Package hobsub Info: Skipping package `ifpdf' (already loaded).
Package: etexcmds 2016/05/16 v1.6 Avoid name clashes with e-TeX commands (HO)
Package etexcmds Info: Could not find \expanded.
(etexcmds)             That can mean that you are not using pdfTeX 1.50 or
(etexcmds)             that some package has redefined \expanded.
(etexcmds)             In the latter case, load this package earlier.
Package: kvsetkeys 2016/05/16 v1.17 Key value parser (HO)
Package: kvdefinekeys 2016/05/16 v1.4 Define keys (HO)
Package: pdftexcmds 2017/03/19 v0.25 Utility functions of pdfTeX for LuaTeX (HO
)
Package pdftexcmds Info: LuaTeX not detected.
Package pdftexcmds Info: pdfTeX >= 1.30 not detected.
Package pdftexcmds Info: \pdf@primitive is available.
Package pdftexcmds Info: \pdf@ifprimitive is available.
Package pdftexcmds Info: \pdfdraftmode not found.
Package: pdfescape 2016/05/16 v1.14 Implements pdfTeX's escape features (HO)
Package: bigintcalc 2016/05/16 v1.4 Expandable calculations on big integers (HO
)
Package: bitset 2016/05/16 v1.2 Handle bit-vector datatype (HO)
Package: uniquecounter 2016/05/16 v1.3 Provide unlimited unique counter (HO)
)
Package hobsub Info: Skipping package `hobsub' (already loaded).
Package: letltxmacro 2016/05/16 v1.5 Let assignment for LaTeX macros (HO)
Package: hopatch 2016/05/16 v1.3 Wrapper for package hooks (HO)
Package: xcolor-patch 2016/05/16 xcolor patch
Package: atveryend 2016/05/16 v1.9 Hooks at the very end of document (HO)
Package: atbegshi 2016/06/09 v1.18 At begin shipout hook (HO)
Package: refcount 2016/05/16 v3.5 Data extraction from label references (HO)
Package: hycolor 2016/05/16 v1.8 Color options for hyperref/bookmark (HO)
)
(/usr/local/texlive/2017/texmf-dist/tex/latex/oberdiek/auxhook.sty
Package: auxhook 2016/05/16 v1.4 Hooks for auxiliary files (HO)
)
(/usr/local/texlive/2017/texmf-dist/tex/latex/oberdiek/kvoptions.sty
Package: kvoptions 2016/05/16 v3.12 Key value format for package options (HO)
)
\@linkdim=\dimen159
\Hy@linkcounter=\count171
\Hy@pagecounter=\count172

(/usr/local/texlive/2017/texmf-dist/tex/latex/hyperref/pd1enc.def
File: pd1enc.def 2017/03/14 v6.85a Hyperref: PDFDocEncoding definition (HO)
)
\Hy@SavedSpaceFactor=\count173

(/usr/local/texlive/2017/texmf-dist/tex/latex/latexconfig/hyperref.cfg
File: hyperref.cfg 2002/06/06 v1.2 hyperref configuration of TeXLive
)
Package hyperref Info: Option `unicode' set `true' on input line 4374.

(/usr/local/texlive/2017/texmf-dist/tex/latex/hyperref/puenc.def
File: puenc.def 2017/03/14 v6.85a Hyperref: PDF Unicode definition (HO)
)
Package hyperref Info: Hyper figures OFF on input line 4498.
Package hyperref Info: Link nesting OFF on input line 4503.
Package hyperref Info: Hyper index ON on input line 4506.
Package hyperref Info: Plain pages OFF on input line 4513.
Package hyperref Info: Backreferencing OFF on input line 4518.
Package hyperref Info: Implicit mode ON; LaTeX internals redefined.
Package hyperref Info: Bookmarks ON on input line 4751.
\c@Hy@tempcnt=\count174

(/usr/local/texlive/2017/texmf-dist/tex/latex/url/url.sty
\Urlmuskip=\muskip17
Package: url 2013/09/16  ver 3.4  Verb mode for urls, etc.
)
LaTeX Info: Redefining \url on input line 5104.
\XeTeXLinkMargin=\dimen160
Requested font "pzdr" at 0.00002pt
 -> /usr/local/texlive/2017/texmf-dist/fonts/tfm/adobe/zapfding/pzdr.tfm
\Fld@menulength=\count175
\Field@Width=\dimen161
\Fld@charsize=\dimen162
Package hyperref Info: Hyper figures OFF on input line 6358.
Package hyperref Info: Link nesting OFF on input line 6363.
Package hyperref Info: Hyper index ON on input line 6366.
Package hyperref Info: backreferencing OFF on input line 6373.
Package hyperref Info: Link coloring OFF on input line 6378.
Package hyperref Info: Link coloring with OCG OFF on input line 6383.
Package hyperref Info: PDF/A mode OFF on input line 6388.
LaTeX Info: Redefining \ref on input line 6428.
LaTeX Info: Redefining \pageref on input line 6432.
\Hy@abspage=\count176
\c@Item=\count177
\c@Hfootnote=\count178
)

Package hyperref Message: Driver (autodetected): hxetex.

(/usr/local/texlive/2017/texmf-dist/tex/latex/hyperref/hxetex.def
File: hxetex.def 2017/03/14 v6.85a Hyperref driver for XeTeX

(/usr/local/texlive/2017/texmf-dist/tex/generic/oberdiek/stringenc.sty
Package: stringenc 2016/05/16 v1.11 Convert strings between diff. encodings (HO
)
)
\pdfm@box=\box45
\c@Hy@AnnotLevel=\count179
\HyField@AnnotCount=\count180
\Fld@listcount=\count181
\c@bookmark@seq@number=\count182

(/usr/local/texlive/2017/texmf-dist/tex/latex/oberdiek/rerunfilecheck.sty
Package: rerunfilecheck 2016/05/16 v1.8 Rerun checks for auxiliary files (HO)
Package rerunfilecheck Info: Feature \pdfmdfivesum is not available
(rerunfilecheck)             (e.g. pdfTeX or LuaTeX with package `pdftexcmds').

(rerunfilecheck)             Therefore file contents cannot be checked efficien
tly
(rerunfilecheck)             and the loading of the package is aborted.
)
\Hy@SectionHShift=\skip69
)
Package hyperref Info: Option `breaklinks' set `true' on input line 68.

(/usr/local/texlive/2017/texmf-dist/tex/latex/tools/longtable.sty
Package: longtable 2014/10/28 v4.11 Multi-page Table package (DPC)
\LTleft=\skip70
\LTright=\skip71
\LTpre=\skip72
\LTpost=\skip73
\LTchunksize=\count183
\LTcapwidth=\dimen163
\LT@head=\box46
\LT@firsthead=\box47
\LT@foot=\box48
\LT@lastfoot=\box49
\LT@cols=\count184
\LT@rows=\count185
\c@LT@tables=\count186
\c@LT@chunks=\count187
\LT@p@ftn=\toks29
)
(/usr/local/texlive/2017/texmf-dist/tex/latex/booktabs/booktabs.sty
Package: booktabs 2016/04/27 v1.618033 publication quality tables
\heavyrulewidth=\dimen164
\lightrulewidth=\dimen165
\cmidrulewidth=\dimen166
\belowrulesep=\dimen167
\belowbottomsep=\dimen168
\aboverulesep=\dimen169
\abovetopsep=\dimen170
\cmidrulesep=\dimen171
\cmidrulekern=\dimen172
\defaultaddspace=\dimen173
\@cmidla=\count188
\@cmidlb=\count189
\@aboverulesep=\dimen174
\@belowrulesep=\dimen175
\@thisruleclass=\count190
\@lastruleclass=\count191
\@thisrulewidth=\dimen176
)
(/usr/local/texlive/2017/texmf-dist/tex/latex/graphics/graphicx.sty
Package: graphicx 2014/10/28 v1.0g Enhanced LaTeX Graphics (DPC,SPQR)

(/usr/local/texlive/2017/texmf-dist/tex/latex/graphics/graphics.sty
Package: graphics 2017/04/14 v1.1b Standard LaTeX Graphics (DPC,SPQR)

(/usr/local/texlive/2017/texmf-dist/tex/latex/graphics/trig.sty
Package: trig 2016/01/03 v1.10 sin cos tan (DPC)
)
(/usr/local/texlive/2017/texmf-dist/tex/latex/graphics-cfg/graphics.cfg
File: graphics.cfg 2016/06/04 v1.11 sample graphics configuration
)
Package graphics Info: Driver file: xetex.def on input line 99.
)
\Gin@req@height=\dimen177
\Gin@req@width=\dimen178
)
(/usr/local/texlive/2017/texmf-dist/tex/latex/oberdiek/grffile.sty
Package: grffile 2016/05/16 v1.17 Extended file name support for graphics (HO)
Package grffile Info: \Gread@QTm patched on input line 253.
Package grffile Info: \Gread@eps patched on input line 303.
Package grffile Info: Option `multidot' is set to `true'.
Package grffile Info: Option `extendedchars' is set to `false'.
Package grffile Info: Option `space' is set to `true'.
Package grffile Info: \Gin@ii of package `graphicx' fixed on input line 486.
)
(/usr/local/texlive/2017/texmf-dist/tex/latex/parskip/parskip.sty
Package: parskip 2001/04/09 non-zero parskip adjustments
) (./main.aux)
\openout1 = `main.aux'.

LaTeX Font Info:    Checking defaults for OML/EBGaramond-Maths/m/it on input li
ne 108.
LaTeX Font Info:    Try loading font information for OML+EBGaramond-Maths on in
put line 108.

(/usr/local/texlive/2017/texmf-dist/tex/latex/ebgaramond-maths/OMLEBGaramond-Ma
ths.fd
File: OMLEBGaramond-Maths.fd 2014/09/01 font definitions for OML/EBGaramond-Mat
hs.
)
LaTeX Font Info:    ... okay on input line 108.
LaTeX Font Info:    Checking defaults for T1/cmr/m/n on input line 108.
LaTeX Font Info:    ... okay on input line 108.
LaTeX Font Info:    Checking defaults for OT1/EBGaramond-LF/m/n on input line 1
08.
LaTeX Font Info:    Try loading font information for OT1+EBGaramond-LF on input
 line 108.

(/usr/local/texlive/2017/texmf-dist/tex/latex/ebgaramond/OT1EBGaramond-LF.fd
File: OT1EBGaramond-LF.fd 2014/07/06 (autoinst) Font definitions for OT1/EBGara
mond-LF.
)
LaTeX Font Info:    ... okay on input line 108.
LaTeX Font Info:    Checking defaults for OMS/cmsy/m/n on input line 108.
LaTeX Font Info:    ... okay on input line 108.
LaTeX Font Info:    Checking defaults for TU/lmr/m/n on input line 108.
LaTeX Font Info:    ... okay on input line 108.
LaTeX Font Info:    Checking defaults for OMX/cmex/m/n on input line 108.
LaTeX Font Info:    ... okay on input line 108.
LaTeX Font Info:    Checking defaults for U/ntxexa/m/n on input line 108.
LaTeX Font Info:    Try loading font information for U+ntxexa on input line 108
.

(/usr/local/texlive/2017/texmf-dist/tex/latex/newtx/untxexa.fd
File: untxexa.fd 2012/04/16 Fontinst v1.933 font definitions for U/ntxexa.
)
LaTeX Font Info:    ... okay on input line 108.
LaTeX Font Info:    Checking defaults for T3/cmr/m/n on input line 108.
LaTeX Font Info:    Try loading font information for T3+cmr on input line 108.

(/usr/local/texlive/2017/texmf-dist/tex/latex/tipa/t3cmr.fd
File: t3cmr.fd 2001/12/31 TIPA font definitions
)
LaTeX Font Info:    ... okay on input line 108.
LaTeX Font Info:    Checking defaults for LMS/ntxsy/m/n on input line 108.
LaTeX Font Info:    Try loading font information for LMS+ntxsy on input line 10
8.

(/usr/local/texlive/2017/texmf-dist/tex/latex/newtx/lmsntxsy.fd
File: lmsntxsy.fd 2016/07/02 Fontinst v1.933 font definitions for LMS/ntxsy.
)
LaTeX Font Info:    ... okay on input line 108.
LaTeX Font Info:    Checking defaults for LMX/ntxexx/m/n on input line 108.
LaTeX Font Info:    Try loading font information for LMX+ntxexx on input line 1
08.

(/usr/local/texlive/2017/texmf-dist/tex/latex/newtx/lmxntxexx.fd
File: lmxntxexx.fd 2016/07/03 Fontinst v1.933 font definitions for LMX/ntxexx.
)
LaTeX Font Info:    ... okay on input line 108.
LaTeX Font Info:    Checking defaults for TS1/cmr/m/n on input line 108.
LaTeX Font Info:    Try loading font information for TS1+cmr on input line 108.


(/usr/local/texlive/2017/texmf-dist/tex/latex/base/ts1cmr.fd
File: ts1cmr.fd 2014/09/29 v2.5h Standard LaTeX font definitions
)
LaTeX Font Info:    ... okay on input line 108.
LaTeX Font Info:    Checking defaults for PD1/pdf/m/n on input line 108.
LaTeX Font Info:    ... okay on input line 108.
LaTeX Font Info:    Checking defaults for PU/pdf/m/n on input line 108.
LaTeX Font Info:    ... okay on input line 108.
.................................................
. fontspec info: "setup-math"
. 
. Adjusting the maths setup (use [no-math] to avoid this).
.................................................
\symlegacymaths=\mathgroup10
LaTeX Font Info:    Overwriting symbol font `legacymaths' in version `bold'
(Font)                  OT1/cmr/m/n --> OT1/cmr/bx/n on input line 108.
LaTeX Font Info:    Redeclaring math accent \acute on input line 108.
LaTeX Font Info:    Redeclaring math accent \grave on input line 108.
LaTeX Font Info:    Redeclaring math accent \ddot on input line 108.
LaTeX Font Info:    Redeclaring math accent \tilde on input line 108.
LaTeX Font Info:    Redeclaring math accent \bar on input line 108.
LaTeX Font Info:    Redeclaring math accent \breve on input line 108.
LaTeX Font Info:    Redeclaring math accent \check on input line 108.
LaTeX Font Info:    Redeclaring math accent \hat on input line 108.
LaTeX Font Info:    Redeclaring math accent \dot on input line 108.
LaTeX Font Info:    Redeclaring math accent \mathring on input line 108.
LaTeX Font Info:    Redeclaring math symbol \Gamma on input line 108.
LaTeX Font Info:    Redeclaring math symbol \Delta on input line 108.
LaTeX Font Info:    Redeclaring math symbol \Theta on input line 108.
LaTeX Font Info:    Redeclaring math symbol \Lambda on input line 108.
LaTeX Font Info:    Redeclaring math symbol \Xi on input line 108.
LaTeX Font Info:    Redeclaring math symbol \Pi on input line 108.
LaTeX Font Info:    Redeclaring math symbol \Sigma on input line 108.
LaTeX Font Info:    Redeclaring math symbol \Upsilon on input line 108.
LaTeX Font Info:    Redeclaring math symbol \Phi on input line 108.
LaTeX Font Info:    Redeclaring math symbol \Psi on input line 108.
LaTeX Font Info:    Redeclaring math symbol \Omega on input line 108.
LaTeX Font Info:    Redeclaring math symbol \mathdollar on input line 108.
LaTeX Font Info:    Redeclaring symbol font `operators' on input line 108.
LaTeX Font Info:    Encoding `OT1' has changed to `TU' for symbol font
(Font)              `operators' in the math version `normal' on input line 108.

LaTeX Font Info:    Overwriting symbol font `operators' in version `normal'
(Font)                  OT1/EBGaramond-LF/m/n --> TU/EBGaramond12(0)/m/n on inp
ut line 108.
LaTeX Font Info:    Encoding `OT1' has changed to `TU' for symbol font
(Font)              `operators' in the math version `bold' on input line 108.
LaTeX Font Info:    Overwriting symbol font `operators' in version `bold'
(Font)                  OT1/EBGaramond-LF/bx/n --> TU/EBGaramond12(0)/m/n on in
put line 108.
LaTeX Font Info:    Overwriting symbol font `operators' in version `normal'
(Font)                  TU/EBGaramond12(0)/m/n --> TU/EBGaramond12(0)/m/n on in
put line 108.
LaTeX Font Info:    Overwriting math alphabet `\mathit' in version `normal'
(Font)                  OT1/EBGaramond-LF/m/it --> TU/EBGaramond12(0)/m/it on i
nput line 108.
LaTeX Font Info:    Overwriting math alphabet `\mathbf' in version `normal'
(Font)                  OT1/EBGaramond-LF/bx/n --> TU/EBGaramond12(0)/bx/n on i
nput line 108.
LaTeX Font Info:    Overwriting math alphabet `\mathsf' in version `normal'
(Font)                  TU/lmss/m/n --> TU/lmss/m/n on input line 108.
LaTeX Font Info:    Overwriting math alphabet `\mathtt' in version `normal'
(Font)                  TU/lmtt/m/n --> TU/lmtt/m/n on input line 108.
LaTeX Font Info:    Overwriting symbol font `operators' in version `bold'
(Font)                  TU/EBGaramond12(0)/m/n --> TU/EBGaramond12(0)/bx/n on i
nput line 108.
LaTeX Font Info:    Overwriting math alphabet `\mathit' in version `bold'
(Font)                  OT1/EBGaramond-LF/bx/it --> TU/EBGaramond12(0)/bx/it on
 input line 108.
LaTeX Font Info:    Overwriting math alphabet `\mathsf' in version `bold'
(Font)                  TU/lmss/b/n --> TU/lmss/bx/n on input line 108.
LaTeX Font Info:    Overwriting math alphabet `\mathtt' in version `bold'
(Font)                  TU/lmtt/b/n --> TU/lmtt/bx/n on input line 108.

*geometry* driver: auto-detecting
*geometry* detected driver: xetex
*geometry* verbose mode - [ preamble ] result:
* driver: xetex
* paper: <default>
* layout: <same size as paper>
* layoutoffset:(h,v)=(0.0pt,0.0pt)
* modes: twoside 
* h-part:(L,W,R)=(113.81102pt, 420.81618pt, 79.6678pt)
* v-part:(T,H,B)=(85.35826pt, 624.25346pt, 85.35826pt)
* \paperwidth=614.295pt
* \paperheight=794.96999pt
* \textwidth=420.81618pt
* \textheight=624.25346pt
* \oddsidemargin=41.54103pt
* \evensidemargin=7.39781pt
* \topmargin=-16.97922pt
* \headheight=12.0pt
* \headsep=18.06749pt
* \topskip=10.0pt
* \footskip=25.29494pt
* \marginparwidth=125.0pt
* \marginparsep=7.0pt
* \columnsep=10.0pt
* \skip\footins=9.0pt plus 4.0pt minus 2.0pt
* \hoffset=0.0pt
* \voffset=0.0pt
* \mag=1000
* \@twocolumnfalse
* \@twosidetrue
* \@mparswitchtrue
* \@reversemarginfalse
* (1in=72.27pt=25.4mm, 1cm=28.453pt)

\AtBeginShipoutBox=\box50
Package hyperref Info: Link coloring OFF on input line 108.
(/usr/local/texlive/2017/texmf-dist/tex/latex/hyperref/nameref.sty
Package: nameref 2016/05/21 v2.44 Cross-referencing by name of section

(/usr/local/texlive/2017/texmf-dist/tex/generic/oberdiek/gettitlestring.sty
Package: gettitlestring 2016/05/16 v1.5 Cleanup title references (HO)
)
\c@section@level=\count192
)
LaTeX Info: Redefining \ref on input line 108.
LaTeX Info: Redefining \pageref on input line 108.
LaTeX Info: Redefining \nameref on input line 108.

(./main.out) (./main.out)
\@outlinefile=\write3
\openout3 = `main.out'.

LaTeX Font Info:    Font shape `TU/EBGaramond12(0)/m/n' will be
(Font)              scaled to size 17.28pt on input line 114.
Requested font "[EBGaramond12-Regular.otf]/OT:script=latn;language=DFLT;+pnum;+
onum;mapping=tex-text;" at 17.28pt
 -> /usr/local/texlive/2017/texmf-dist/fonts/opentype/public/ebgaramond/EBGaram
ond12-Regular.otf
LaTeX Font Info:    Font shape `TU/EBGaramond12(0)/m/n' will be
(Font)              scaled to size 12.0pt on input line 114.
Requested font "[EBGaramond12-Regular.otf]/OT:script=latn;language=DFLT;+pnum;+
onum;mapping=tex-text;" at 12.0pt
 -> /usr/local/texlive/2017/texmf-dist/fonts/opentype/public/ebgaramond/EBGaram
ond12-Regular.otf
LaTeX Font Info:    Font shape `TU/EBGaramond12(0)/m/n' will be
(Font)              scaled to size 8.8pt on input line 114.
Requested font "[EBGaramond12-Regular.otf]/OT:script=latn;language=DFLT;+pnum;+
onum;mapping=tex-text;" at 8.8pt
 -> /usr/local/texlive/2017/texmf-dist/fonts/opentype/public/ebgaramond/EBGaram
ond12-Regular.otf
LaTeX Font Info:    Font shape `TU/EBGaramond12(0)/m/n' will be
(Font)              scaled to size 6.6pt on input line 114.
Requested font "[EBGaramond12-Regular.otf]/OT:script=latn;language=DFLT;+pnum;+
onum;mapping=tex-text;" at 6.6pt
 -> /usr/local/texlive/2017/texmf-dist/fonts/opentype/public/ebgaramond/EBGaram
ond12-Regular.otf
Requested font "EBGaramond12-Italic--oml-ebgaramond" at 12.0pt
 -> /usr/local/texlive/2017/texmf-dist/fonts/tfm/public/ebgaramond-maths/EBGara
mond12-Italic--oml-ebgaramond.tfm
Requested font "EBGaramond12-Italic--oml-ebgaramond" at 8.8pt
 -> /usr/local/texlive/2017/texmf-dist/fonts/tfm/public/ebgaramond-maths/EBGara
mond12-Italic--oml-ebgaramond.tfm
Requested font "EBGaramond12-Italic--oml-ebgaramond" at 6.6pt
 -> /usr/local/texlive/2017/texmf-dist/fonts/tfm/public/ebgaramond-maths/EBGara
mond12-Italic--oml-ebgaramond.tfm
Requested font "ntxsy" at 12.0pt
 -> /usr/local/texlive/2017/texmf-dist/fonts/tfm/public/newtx/ntxsy.tfm
Requested font "ntxsy" at 8.8pt
 -> /usr/local/texlive/2017/texmf-dist/fonts/tfm/public/newtx/ntxsy.tfm
Requested font "ntxsy7" at 6.6pt
 -> /usr/local/texlive/2017/texmf-dist/fonts/tfm/public/newtx/ntxsy7.tfm
Requested font "ntxexx" at 12.0pt
 -> /usr/local/texlive/2017/texmf-dist/fonts/tfm/public/newtx/ntxexx.tfm
Requested font "ntxexx" at 8.8pt
 -> /usr/local/texlive/2017/texmf-dist/fonts/tfm/public/newtx/ntxexx.tfm
Requested font "ntxexx" at 6.6pt
 -> /usr/local/texlive/2017/texmf-dist/fonts/tfm/public/newtx/ntxexx.tfm
LaTeX Font Info:    Try loading font information for U+msa on input line 114.

(/usr/local/texlive/2017/texmf-dist/tex/latex/amsfonts/umsa.fd
File: umsa.fd 2013/01/14 v3.01 AMS symbols A
)
Requested font "msam10" at 12.0pt
 -> /usr/local/texlive/2017/texmf-dist/fonts/tfm/public/amsfonts/symbols/msam10
.tfm
Requested font "msam10" at 8.8pt
 -> /usr/local/texlive/2017/texmf-dist/fonts/tfm/public/amsfonts/symbols/msam10
.tfm
Requested font "msam7" at 6.6pt
 -> /usr/local/texlive/2017/texmf-dist/fonts/tfm/public/amsfonts/symbols/msam7.
tfm
LaTeX Font Info:    Try loading font information for U+msb on input line 114.

(/usr/local/texlive/2017/texmf-dist/tex/latex/amsfonts/umsb.fd
File: umsb.fd 2013/01/14 v3.01 AMS symbols B
)
Requested font "msbm10" at 12.0pt
 -> /usr/local/texlive/2017/texmf-dist/fonts/tfm/public/amsfonts/symbols/msbm10
.tfm
Requested font "msbm10" at 8.8pt
 -> /usr/local/texlive/2017/texmf-dist/fonts/tfm/public/amsfonts/symbols/msbm10
.tfm
Requested font "msbm7" at 6.6pt
 -> /usr/local/texlive/2017/texmf-dist/fonts/tfm/public/amsfonts/symbols/msbm7.
tfm
LaTeX Font Info:    Try loading font information for U+ntxmia on input line 114
.

(/usr/local/texlive/2017/texmf-dist/tex/latex/newtx/untxmia.fd
File: untxmia.fd 2016/01/31 Fontinst v1.933 font definitions for U/ntxmia.
)
Requested font "ntxmia" at 12.0pt
 -> /usr/local/texlive/2017/texmf-dist/fonts/tfm/public/newtx/ntxmia.tfm
Requested font "ntxmia" at 8.8pt
 -> /usr/local/texlive/2017/texmf-dist/fonts/tfm/public/newtx/ntxmia.tfm
Requested font "ntxmia" at 6.6pt
 -> /usr/local/texlive/2017/texmf-dist/fonts/tfm/public/newtx/ntxmia.tfm
LaTeX Font Info:    Try loading font information for U+ntxsym on input line 114
.

(/usr/local/texlive/2017/texmf-dist/tex/latex/newtx/untxsym.fd
File: untxsym.fd 2015/03/20 Fontinst v1.933 font definitions for U/ntxsym.
)
Requested font "ntxsym" at 12.0pt
 -> /usr/local/texlive/2017/texmf-dist/fonts/tfm/public/newtx/ntxsym.tfm
Requested font "ntxsym" at 8.8pt
 -> /usr/local/texlive/2017/texmf-dist/fonts/tfm/public/newtx/ntxsym.tfm
Requested font "ntxsym" at 6.6pt
 -> /usr/local/texlive/2017/texmf-dist/fonts/tfm/public/newtx/ntxsym.tfm
LaTeX Font Info:    Try loading font information for U+ntxsyc on input line 114
.

(/usr/local/texlive/2017/texmf-dist/tex/latex/newtx/untxsyc.fd
File: untxsyc.fd 2012/04/12 Fontinst v1.933 font definitions for U/ntxsyc.
)
Requested font "ntxsyc" at 12.0pt
 -> /usr/local/texlive/2017/texmf-dist/fonts/tfm/public/newtx/ntxsyc.tfm
Requested font "ntxsyc" at 8.8pt
 -> /usr/local/texlive/2017/texmf-dist/fonts/tfm/public/newtx/ntxsyc.tfm
Requested font "ntxsyc" at 6.6pt
 -> /usr/local/texlive/2017/texmf-dist/fonts/tfm/public/newtx/ntxsyc.tfm
Requested font "ntxexa" at 12.0pt
 -> /usr/local/texlive/2017/texmf-dist/fonts/tfm/public/newtx/ntxexa.tfm
Requested font "ntxexa" at 8.8pt
 -> /usr/local/texlive/2017/texmf-dist/fonts/tfm/public/newtx/ntxexa.tfm
Requested font "ntxexa" at 6.6pt
 -> /usr/local/texlive/2017/texmf-dist/fonts/tfm/public/newtx/ntxexa.tfm
Requested font "cmr12" at 12.0pt
 -> /usr/local/texlive/2017/texmf-dist/fonts/tfm/public/cm/cmr12.tfm
Requested font "cmr9" at 9.0pt
 -> /usr/local/texlive/2017/texmf-dist/fonts/tfm/public/cm/cmr9.tfm
 [1


]
LaTeX Font Info:    Font shape `TU/EBGaramond12(0)/bx/n' will be
(Font)              scaled to size 10.0pt on input line 116.
LaTeX Font Info:    Font shape `TU/EBGaramond12(0)/m/n' will be
(Font)              scaled to size 7.3pt on input line 148.
Requested font "[EBGaramond12-Regular.otf]/OT:script=latn;language=DFLT;+pnum;+
onum;mapping=tex-text;" at 7.3pt
 -> /usr/local/texlive/2017/texmf-dist/fonts/opentype/public/ebgaramond/EBGaram
ond12-Regular.otf
LaTeX Font Info:    Font shape `TU/EBGaramond12(0)/m/n' will be
(Font)              scaled to size 5.5pt on input line 148.
Requested font "[EBGaramond12-Regular.otf]/OT:script=latn;language=DFLT;+pnum;+
onum;mapping=tex-text;" at 5.5pt
 -> /usr/local/texlive/2017/texmf-dist/fonts/opentype/public/ebgaramond/EBGaram
ond12-Regular.otf
Requested font "EBGaramond12-Italic--oml-ebgaramond" at 10.0pt
 -> /usr/local/texlive/2017/texmf-dist/fonts/tfm/public/ebgaramond-maths/EBGara
mond12-Italic--oml-ebgaramond.tfm
Requested font "EBGaramond12-Italic--oml-ebgaramond" at 7.3pt
 -> /usr/local/texlive/2017/texmf-dist/fonts/tfm/public/ebgaramond-maths/EBGara
mond12-Italic--oml-ebgaramond.tfm
Requested font "EBGaramond12-Italic--oml-ebgaramond" at 5.5pt
 -> /usr/local/texlive/2017/texmf-dist/fonts/tfm/public/ebgaramond-maths/EBGara
mond12-Italic--oml-ebgaramond.tfm
Requested font "ntxsy" at 10.0pt
 -> /usr/local/texlive/2017/texmf-dist/fonts/tfm/public/newtx/ntxsy.tfm
Requested font "ntxsy7" at 7.3pt
 -> /usr/local/texlive/2017/texmf-dist/fonts/tfm/public/newtx/ntxsy7.tfm
Requested font "ntxsy5" at 5.5pt
 -> /usr/local/texlive/2017/texmf-dist/fonts/tfm/public/newtx/ntxsy5.tfm
Requested font "ntxexx" at 10.0pt
 -> /usr/local/texlive/2017/texmf-dist/fonts/tfm/public/newtx/ntxexx.tfm
Requested font "ntxexx" at 7.3pt
 -> /usr/local/texlive/2017/texmf-dist/fonts/tfm/public/newtx/ntxexx.tfm
Requested font "ntxexx" at 5.5pt
 -> /usr/local/texlive/2017/texmf-dist/fonts/tfm/public/newtx/ntxexx.tfm
Requested font "msam10" at 10.0pt
 -> /usr/local/texlive/2017/texmf-dist/fonts/tfm/public/amsfonts/symbols/msam10
.tfm
Requested font "msam7" at 7.3pt
 -> /usr/local/texlive/2017/texmf-dist/fonts/tfm/public/amsfonts/symbols/msam7.
tfm
Requested font "msam5" at 5.5pt
 -> /usr/local/texlive/2017/texmf-dist/fonts/tfm/public/amsfonts/symbols/msam5.
tfm
Requested font "msbm10" at 10.0pt
 -> /usr/local/texlive/2017/texmf-dist/fonts/tfm/public/amsfonts/symbols/msbm10
.tfm
Requested font "msbm7" at 7.3pt
 -> /usr/local/texlive/2017/texmf-dist/fonts/tfm/public/amsfonts/symbols/msbm7.
tfm
Requested font "msbm5" at 5.5pt
 -> /usr/local/texlive/2017/texmf-dist/fonts/tfm/public/amsfonts/symbols/msbm5.
tfm
Requested font "ntxmia" at 10.0pt
 -> /usr/local/texlive/2017/texmf-dist/fonts/tfm/public/newtx/ntxmia.tfm
Requested font "ntxmia" at 7.3pt
 -> /usr/local/texlive/2017/texmf-dist/fonts/tfm/public/newtx/ntxmia.tfm
Requested font "ntxmia" at 5.5pt
 -> /usr/local/texlive/2017/texmf-dist/fonts/tfm/public/newtx/ntxmia.tfm
Requested font "ntxsym" at 10.0pt
 -> /usr/local/texlive/2017/texmf-dist/fonts/tfm/public/newtx/ntxsym.tfm
Requested font "ntxsym" at 7.3pt
 -> /usr/local/texlive/2017/texmf-dist/fonts/tfm/public/newtx/ntxsym.tfm
Requested font "ntxsym" at 5.5pt
 -> /usr/local/texlive/2017/texmf-dist/fonts/tfm/public/newtx/ntxsym.tfm
Requested font "ntxsyc" at 10.0pt
 -> /usr/local/texlive/2017/texmf-dist/fonts/tfm/public/newtx/ntxsyc.tfm
Requested font "ntxsyc" at 7.3pt
 -> /usr/local/texlive/2017/texmf-dist/fonts/tfm/public/newtx/ntxsyc.tfm
Requested font "ntxsyc" at 5.5pt
 -> /usr/local/texlive/2017/texmf-dist/fonts/tfm/public/newtx/ntxsyc.tfm
Requested font "ntxexa" at 10.0pt
 -> /usr/local/texlive/2017/texmf-dist/fonts/tfm/public/newtx/ntxexa.tfm
Requested font "ntxexa" at 7.3pt
 -> /usr/local/texlive/2017/texmf-dist/fonts/tfm/public/newtx/ntxexa.tfm
Requested font "ntxexa" at 5.5pt
 -> /usr/local/texlive/2017/texmf-dist/fonts/tfm/public/newtx/ntxexa.tfm


LaTeX Font Warning: Font shape `OT1/cmr/m/n' in size <5.5> not available
(Font)              size <5> substituted on input line 148.

File: media/image1.png Graphic file (type QTm)
<use  "media/image1.png" >

LaTeX Font Warning: Font shape `T1/EBGaramond12(0)/m/sl' undefined
(Font)              using `T1/EBGaramond12(0)/m/n' instead on input line 168.

[2]
Requested font "ecrm2074" at 20.74pt
 -> /usr/local/texlive/2017/texmf-dist/fonts/tfm/jknappen/ec/ecrm2074.tfm


LaTeX Font Warning: Font shape `T1/EBGaramond12(0)/bx/n' undefined
(Font)              using `T1/EBGaramond12(0)/m/n' instead on input line 168.

Requested font "ecrm2488" at 24.88pt
 -> /usr/local/texlive/2017/texmf-dist/fonts/tfm/jknappen/ec/ecrm2488.tfm
(./main.toc)
\tf@toc=\write4
\openout4 = `main.toc'.

 [3

] [4

]
Captulo 1.
Requested font "ecrm0700" at 7.0pt
 -> /usr/local/texlive/2017/texmf-dist/fonts/tfm/jknappen/ec/ecrm0700.tfm
Requested font "ecrm0800" at 8.0pt
 -> /usr/local/texlive/2017/texmf-dist/fonts/tfm/jknappen/ec/ecrm0800.tfm
LaTeX Font Info:    Font shape `TU/EBGaramond12(0)/m/n' will be
(Font)              scaled to size 8.0pt on input line 200.
Requested font "[EBGaramond12-Regular.otf]/OT:script=latn;language=DFLT;+pnum;+
onum;mapping=tex-text;" at 8.0pt
 -> /usr/local/texlive/2017/texmf-dist/fonts/opentype/public/ebgaramond/EBGaram
ond12-Regular.otf
LaTeX Font Info:    Font shape `TU/EBGaramond12(0)/m/n' will be
(Font)              scaled to size 6.2pt on input line 200.
Requested font "[EBGaramond12-Regular.otf]/OT:script=latn;language=DFLT;+pnum;+
onum;mapping=tex-text;" at 6.2pt
 -> /usr/local/texlive/2017/texmf-dist/fonts/opentype/public/ebgaramond/EBGaram
ond12-Regular.otf
Requested font "EBGaramond12-Italic--oml-ebgaramond" at 8.0pt
 -> /usr/local/texlive/2017/texmf-dist/fonts/tfm/public/ebgaramond-maths/EBGara
mond12-Italic--oml-ebgaramond.tfm
Requested font "EBGaramond12-Italic--oml-ebgaramond" at 6.2pt
 -> /usr/local/texlive/2017/texmf-dist/fonts/tfm/public/ebgaramond-maths/EBGara
mond12-Italic--oml-ebgaramond.tfm
Requested font "ntxsy7" at 8.0pt
 -> /usr/local/texlive/2017/texmf-dist/fonts/tfm/public/newtx/ntxsy7.tfm
Requested font "ntxsy5" at 6.2pt
 -> /usr/local/texlive/2017/texmf-dist/fonts/tfm/public/newtx/ntxsy5.tfm
Requested font "ntxexx" at 8.0pt
 -> /usr/local/texlive/2017/texmf-dist/fonts/tfm/public/newtx/ntxexx.tfm
Requested font "ntxexx" at 6.2pt
 -> /usr/local/texlive/2017/texmf-dist/fonts/tfm/public/newtx/ntxexx.tfm
Requested font "msam10" at 8.0pt
 -> /usr/local/texlive/2017/texmf-dist/fonts/tfm/public/amsfonts/symbols/msam10
.tfm
Requested font "msam7" at 6.2pt
 -> /usr/local/texlive/2017/texmf-dist/fonts/tfm/public/amsfonts/symbols/msam7.
tfm
Requested font "msbm10" at 8.0pt
 -> /usr/local/texlive/2017/texmf-dist/fonts/tfm/public/amsfonts/symbols/msbm10
.tfm
Requested font "msbm7" at 6.2pt
 -> /usr/local/texlive/2017/texmf-dist/fonts/tfm/public/amsfonts/symbols/msbm7.
tfm
Requested font "ntxmia" at 8.0pt
 -> /usr/local/texlive/2017/texmf-dist/fonts/tfm/public/newtx/ntxmia.tfm
Requested font "ntxmia" at 6.2pt
 -> /usr/local/texlive/2017/texmf-dist/fonts/tfm/public/newtx/ntxmia.tfm
Requested font "ntxsym" at 8.0pt
 -> /usr/local/texlive/2017/texmf-dist/fonts/tfm/public/newtx/ntxsym.tfm
Requested font "ntxsym" at 6.2pt
 -> /usr/local/texlive/2017/texmf-dist/fonts/tfm/public/newtx/ntxsym.tfm
Requested font "ntxsyc" at 8.0pt
 -> /usr/local/texlive/2017/texmf-dist/fonts/tfm/public/newtx/ntxsyc.tfm
Requested font "ntxsyc" at 6.2pt
 -> /usr/local/texlive/2017/texmf-dist/fonts/tfm/public/newtx/ntxsyc.tfm
Requested font "ntxexa" at 8.0pt
 -> /usr/local/texlive/2017/texmf-dist/fonts/tfm/public/newtx/ntxexa.tfm
Requested font "ntxexa" at 6.2pt
 -> /usr/local/texlive/2017/texmf-dist/fonts/tfm/public/newtx/ntxexa.tfm
Requested font "cmr8" at 8.0pt
 -> /usr/local/texlive/2017/texmf-dist/fonts/tfm/public/cm/cmr8.tfm
Requested font "cmr6" at 6.0pt
 -> /usr/local/texlive/2017/texmf-dist/fonts/tfm/public/cm/cmr6.tfm
Requested font "ecrm0600" at 6.0pt
 -> /usr/local/texlive/2017/texmf-dist/fonts/tfm/jknappen/ec/ecrm0600.tfm
LaTeX Font Info:    Font shape `TU/EBGaramond12(0)/m/it' will be
(Font)              scaled to size 10.0pt on input line 216.
Requested font "[EBGaramond12-Italic.otf]/OT:script=latn;language=DFLT;+pnum;+o
num;mapping=tex-text;" at 10.0pt
 -> /usr/local/texlive/2017/texmf-dist/fonts/opentype/public/ebgaramond/EBGaram
ond12-Italic.otf
[5]
Overfull \hbox (158.80391pt too wide) in alignment at lines 240--245
 [] [] [] 
 []


Overfull \hbox (158.80391pt too wide) in alignment at lines 245--268
 [] [] [] 
 []


LaTeX Font Warning: Font shape `T1/EBGaramond12(0)/bx/sl' undefined
(Font)              using `T1/EBGaramond12(0)/bx/n' instead on input line 287.

[6]
Captulo 2.
[7

] [8] [9] [10

]
Captulo 3.
LaTeX Font Info:    Font shape `TU/EBGaramond12(0)/bx/it' will be
(Font)              scaled to size 10.0pt on input line 419.
LaTeX Font Info:    Font shape `TU/EBGaramond12(0)/bx/it' will be
(Font)              scaled to size 12.0pt on input line 419.
Requested font "[EBGaramond12-Italic.otf]/OT:script=latn;language=DFLT;+pnum;+o
num;mapping=tex-text;" at 12.0pt
 -> /usr/local/texlive/2017/texmf-dist/fonts/opentype/public/ebgaramond/EBGaram
ond12-Italic.otf
Requested font "ecrm0900" at 9.0pt
 -> /usr/local/texlive/2017/texmf-dist/fonts/tfm/jknappen/ec/ecrm0900.tfm
Requested font "ecrm1200" at 12.0pt
 -> /usr/local/texlive/2017/texmf-dist/fonts/tfm/jknappen/ec/ecrm1200.tfm
[11]
Requested font "ecrm1440" at 14.4pt
 -> /usr/local/texlive/2017/texmf-dist/fonts/tfm/jknappen/ec/ecrm1440.tfm

Overfull \hbox (37.65324pt too wide) has occurred while \output is active
\T1/EBGaramond12(0)/bx/sl/10 12 CAPTULO 3.  RELATIVISMO Y ESENCIALISMO, ?`POR 
QU ACEPTAMOS UNA ONTOLOGA?
 []

[12]
Underfull \vbox (badness 4886) has occurred while \output is active []

 [13]
Overfull \hbox (37.65324pt too wide) has occurred while \output is active
\T1/EBGaramond12(0)/bx/sl/10 14 CAPTULO 3.  RELATIVISMO Y ESENCIALISMO, ?`POR 
QU ACEPTAMOS UNA ONTOLOGA?
 []

[14] [15]
Overfull \hbox (37.65324pt too wide) has occurred while \output is active
\T1/EBGaramond12(0)/bx/sl/10 16 CAPTULO 3.  RELATIVISMO Y ESENCIALISMO, ?`POR 
QU ACEPTAMOS UNA ONTOLOGA?
 []

[16]
Captulo 4.

Underfull \hbox (badness 2932) in paragraph at lines 745--745
[][][]\T1/EBGaramond12(0)/m/n/8 Estudiante de sp-ti-mo se-mes-tre de Fi-lo-so-
fa de la Uni-ver-si-dad de La Sa-ba-na. Co-rreo: pau-la-si-
 []

[17

] [18] [19] [20] [21] [22

]
Captulo 5.
LaTeX Font Info:    Font shape `TU/EBGaramond12(0)/m/n' will be
(Font)              scaled to size 14.4pt on input line 1041.
Requested font "[EBGaramond12-Regular.otf]/OT:script=latn;language=DFLT;+pnum;+
onum;mapping=tex-text;" at 14.4pt
 -> /usr/local/texlive/2017/texmf-dist/fonts/opentype/public/ebgaramond/EBGaram
ond12-Regular.otf
LaTeX Font Info:    Font shape `TU/EBGaramond12(0)/m/n' will be
(Font)              scaled to size 10.5pt on input line 1041.
Requested font "[EBGaramond12-Regular.otf]/OT:script=latn;language=DFLT;+pnum;+
onum;mapping=tex-text;" at 10.5pt
 -> /usr/local/texlive/2017/texmf-dist/fonts/opentype/public/ebgaramond/EBGaram
ond12-Regular.otf
LaTeX Font Info:    Font shape `TU/EBGaramond12(0)/m/n' will be
(Font)              scaled to size 7.9pt on input line 1041.
Requested font "[EBGaramond12-Regular.otf]/OT:script=latn;language=DFLT;+pnum;+
onum;mapping=tex-text;" at 7.9pt
 -> /usr/local/texlive/2017/texmf-dist/fonts/opentype/public/ebgaramond/EBGaram
ond12-Regular.otf
Requested font "EBGaramond12-Italic--oml-ebgaramond" at 14.4pt
 -> /usr/local/texlive/2017/texmf-dist/fonts/tfm/public/ebgaramond-maths/EBGara
mond12-Italic--oml-ebgaramond.tfm
Requested font "EBGaramond12-Italic--oml-ebgaramond" at 10.5pt
 -> /usr/local/texlive/2017/texmf-dist/fonts/tfm/public/ebgaramond-maths/EBGara
mond12-Italic--oml-ebgaramond.tfm
Requested font "EBGaramond12-Italic--oml-ebgaramond" at 7.9pt
 -> /usr/local/texlive/2017/texmf-dist/fonts/tfm/public/ebgaramond-maths/EBGara
mond12-Italic--oml-ebgaramond.tfm
Requested font "ntxsy" at 14.4pt
 -> /usr/local/texlive/2017/texmf-dist/fonts/tfm/public/newtx/ntxsy.tfm
Requested font "ntxsy" at 10.5pt
 -> /usr/local/texlive/2017/texmf-dist/fonts/tfm/public/newtx/ntxsy.tfm
Requested font "ntxsy7" at 7.9pt
 -> /usr/local/texlive/2017/texmf-dist/fonts/tfm/public/newtx/ntxsy7.tfm
Requested font "ntxexx" at 14.4pt
 -> /usr/local/texlive/2017/texmf-dist/fonts/tfm/public/newtx/ntxexx.tfm
Requested font "ntxexx" at 10.5pt
 -> /usr/local/texlive/2017/texmf-dist/fonts/tfm/public/newtx/ntxexx.tfm
Requested font "ntxexx" at 7.9pt
 -> /usr/local/texlive/2017/texmf-dist/fonts/tfm/public/newtx/ntxexx.tfm
Requested font "msam10" at 14.4pt
 -> /usr/local/texlive/2017/texmf-dist/fonts/tfm/public/amsfonts/symbols/msam10
.tfm
Requested font "msam10" at 10.5pt
 -> /usr/local/texlive/2017/texmf-dist/fonts/tfm/public/amsfonts/symbols/msam10
.tfm
Requested font "msam7" at 7.9pt
 -> /usr/local/texlive/2017/texmf-dist/fonts/tfm/public/amsfonts/symbols/msam7.
tfm
Requested font "msbm10" at 14.4pt
 -> /usr/local/texlive/2017/texmf-dist/fonts/tfm/public/amsfonts/symbols/msbm10
.tfm
Requested font "msbm10" at 10.5pt
 -> /usr/local/texlive/2017/texmf-dist/fonts/tfm/public/amsfonts/symbols/msbm10
.tfm
Requested font "msbm7" at 7.9pt
 -> /usr/local/texlive/2017/texmf-dist/fonts/tfm/public/amsfonts/symbols/msbm7.
tfm
Requested font "ntxmia" at 14.4pt
 -> /usr/local/texlive/2017/texmf-dist/fonts/tfm/public/newtx/ntxmia.tfm
Requested font "ntxmia" at 10.5pt
 -> /usr/local/texlive/2017/texmf-dist/fonts/tfm/public/newtx/ntxmia.tfm
Requested font "ntxmia" at 7.9pt
 -> /usr/local/texlive/2017/texmf-dist/fonts/tfm/public/newtx/ntxmia.tfm
Requested font "ntxsym" at 14.4pt
 -> /usr/local/texlive/2017/texmf-dist/fonts/tfm/public/newtx/ntxsym.tfm
Requested font "ntxsym" at 10.5pt
 -> /usr/local/texlive/2017/texmf-dist/fonts/tfm/public/newtx/ntxsym.tfm
Requested font "ntxsym" at 7.9pt
 -> /usr/local/texlive/2017/texmf-dist/fonts/tfm/public/newtx/ntxsym.tfm
Requested font "ntxsyc" at 14.4pt
 -> /usr/local/texlive/2017/texmf-dist/fonts/tfm/public/newtx/ntxsyc.tfm
Requested font "ntxsyc" at 10.5pt
 -> /usr/local/texlive/2017/texmf-dist/fonts/tfm/public/newtx/ntxsyc.tfm
Requested font "ntxsyc" at 7.9pt
 -> /usr/local/texlive/2017/texmf-dist/fonts/tfm/public/newtx/ntxsyc.tfm
Requested font "ntxexa" at 14.4pt
 -> /usr/local/texlive/2017/texmf-dist/fonts/tfm/public/newtx/ntxexa.tfm
Requested font "ntxexa" at 10.5pt
 -> /usr/local/texlive/2017/texmf-dist/fonts/tfm/public/newtx/ntxexa.tfm
Requested font "ntxexa" at 7.9pt
 -> /usr/local/texlive/2017/texmf-dist/fonts/tfm/public/newtx/ntxexa.tfm
Requested font "cmr12" at 14.4pt
 -> /usr/local/texlive/2017/texmf-dist/fonts/tfm/public/cm/cmr12.tfm

LaTeX Font Warning: Font shape `OT1/cmr/m/n' in size <10.5> not available
(Font)              size <10.95> substituted on input line 1041.

Requested font "cmr10" at 10.95pt
 -> /usr/local/texlive/2017/texmf-dist/fonts/tfm/public/cm/cmr10.tfm

LaTeX Font Warning: Font shape `T1/EBGaramond12(0)/m/n' in size <10.5> not avai
lable
(Font)              size <10.95> substituted on input line 1041.

Requested font "ecrm1095" at 10.95pt
 -> /usr/local/texlive/2017/texmf-dist/fonts/tfm/jknappen/ec/ecrm1095.tfm
[23]
Overfull \hbox (283.485pt too wide) has occurred while \output is active
\T1/EBGaramond12(0)/bx/sl/10 24 CAPTULO 5.  UNA SOLUCIN A LA PARADOJA DE LA R
EFORMA DE LOS MECANISMOS DE REFORMA DE LAS NORMAS CONSTITUCIONALES
 []

[24] [25]
Overfull \hbox (283.485pt too wide) has occurred while \output is active
\T1/EBGaramond12(0)/bx/sl/10 26 CAPTULO 5.  UNA SOLUCIN A LA PARADOJA DE LA R
EFORMA DE LOS MECANISMOS DE REFORMA DE LAS NORMAS CONSTITUCIONALES
 []

[26] [27]
Missing character: There is no  in font ecrm0600!
Missing character: There is no  in font ecrm0600!
Missing character: There is no  in font ecrm0600!
Missing character: There is no  in font ecrm0600!
Missing character: There is no  in font ecrm0600!
Missing character: There is no  in font ecrm0600!
Missing character: There is no  in font ecrm0600!
Missing character: There is no  in font ecrm0600!
Missing character: There is no  in font ecrm0600!
Missing character: There is no  in font ecrm0600!
Missing character: There is no  in font ecrm0600!
Missing character: There is no  in font ecrm0600!

Overfull \hbox (283.485pt too wide) has occurred while \output is active
\T1/EBGaramond12(0)/bx/sl/10 28 CAPTULO 5.  UNA SOLUCIN A LA PARADOJA DE LA R
EFORMA DE LOS MECANISMOS DE REFORMA DE LAS NORMAS CONSTITUCIONALES
 []

[28]
Underfull \vbox (badness 10000) has occurred while \output is active []

 [29]
Overfull \hbox (283.485pt too wide) has occurred while \output is active
\T1/EBGaramond12(0)/bx/sl/10 30 CAPTULO 5.  UNA SOLUCIN A LA PARADOJA DE LA R
EFORMA DE LOS MECANISMOS DE REFORMA DE LAS NORMAS CONSTITUCIONALES
 []

[30

]
Captulo 6.
File: media/image2.png Graphic file (type QTm)
<use  "media/image2.png" >
Underfull \vbox (badness 7308) has occurred while \output is active []

 [31]
Overfull \hbox (76.87758pt too wide) has occurred while \output is active
\T1/EBGaramond12(0)/bx/sl/10 32 CAPTULO 6.  LA RIQUEZA DE LA EXPERIENCIA ARTS
TICA: CRTICA AL PROYECTO FISICALISTA
 []

[32] [33]

LaTeX Font Warning: Font shape `T1/EBGaramond12(0)/m/it' undefined
(Font)              using `T1/EBGaramond12(0)/m/n' instead on input line 1649.


Overfull \hbox (76.87758pt too wide) has occurred while \output is active
\T1/EBGaramond12(0)/bx/sl/10 34 CAPTULO 6.  LA RIQUEZA DE LA EXPERIENCIA ARTS
TICA: CRTICA AL PROYECTO FISICALISTA
 []

[34] [35]
Overfull \hbox (76.87758pt too wide) has occurred while \output is active
\T1/EBGaramond12(0)/bx/sl/10 36 CAPTULO 6.  LA RIQUEZA DE LA EXPERIENCIA ARTS
TICA: CRTICA AL PROYECTO FISICALISTA
 []

[36]
Captulo 7.
[37

]
Overfull \hbox (82.9872pt too wide) has occurred while \output is active
\T1/EBGaramond12(0)/bx/sl/10 38 CAPTULO 7.  OBJETOS INTENSIONALES COMO CRITERI
OS DE IDENTIDAD DE LAS EXPERIENCIAS.
 []

[38] [39]
Overfull \hbox (82.9872pt too wide) has occurred while \output is active
\T1/EBGaramond12(0)/bx/sl/10 40 CAPTULO 7.  OBJETOS INTENSIONALES COMO CRITERI
OS DE IDENTIDAD DE LAS EXPERIENCIAS.
 []

[40]
Captulo 8.
[41

] [42]

LaTeX Font Warning: Font shape `T1/EBGaramond12(0)/bx/it' undefined
(Font)              using `T1/EBGaramond12(0)/bx/n' instead on input line 2153.



LaTeX Font Warning: Font shape `T1/EBGaramond12(0)/bx/it' in size <10.5> not av
ailable
(Font)              size <10.95> substituted on input line 2153.

LaTeX Font Info:    Font shape `TU/EBGaramond12(0)/m/it' will be
(Font)              scaled to size 7.3pt on input line 2160.
Requested font "[EBGaramond12-Italic.otf]/OT:script=latn;language=DFLT;+pnum;+o
num;mapping=tex-text;" at 7.3pt
 -> /usr/local/texlive/2017/texmf-dist/fonts/opentype/public/ebgaramond/EBGaram
ond12-Italic.otf
[43]
Underfull \vbox (badness 10000) has occurred while \output is active []

 [44]
[45] [46

]
Captulo 9.
[47]
Overfull \hbox (110.33943pt too wide) has occurred while \output is active
\T1/EBGaramond12(0)/bx/sl/10 48 CAPTULO 9.  TENGO EN MENTE LO QUE USTED TIENE 
EN MENTE: ?`SIGNIFICADO O REPRESENTACIN?
 []

[48] [49]
Underfull \vbox (badness 1325) has occurred while \output is active []


Overfull \hbox (110.33943pt too wide) has occurred while \output is active
\T1/EBGaramond12(0)/bx/sl/10 50 CAPTULO 9.  TENGO EN MENTE LO QUE USTED TIENE 
EN MENTE: ?`SIGNIFICADO O REPRESENTACIN?
 []

[50]
Underfull \vbox (badness 1028) has occurred while \output is active []

 [51]
Underfull \vbox (badness 4886) has occurred while \output is active []


Overfull \hbox (110.33943pt too wide) has occurred while \output is active
\T1/EBGaramond12(0)/bx/sl/10 52 CAPTULO 9.  TENGO EN MENTE LO QUE USTED TIENE 
EN MENTE: ?`SIGNIFICADO O REPRESENTACIN?
 []

[52]
Underfull \hbox (badness 10000) in paragraph at lines 2726--2727

 []


Underfull \hbox (badness 7047) in paragraph at lines 2747--2750
[]\TU/EBGaramond12(0)/bx/n/10 Pitt, D. (2017) Mental Representation. \TU/EBGara
mond12(0)/bx/it/10 The Stanford Encyclopedia of Philosophy. \TU/EBGaramond12(0)
/bx/n/10 Tomado de:
 []

[53]
Underfull \hbox (badness 10000) in paragraph at lines 2760--2763
[]\TU/EBGaramond12(0)/bx/n/10 Wayne, D. (2014) Implicature. The Stanford Encycl
opedia of Philosophy. Tomado de: []$[][][][][] []
 []


Overfull \hbox (110.33943pt too wide) has occurred while \output is active
\T1/EBGaramond12(0)/bx/sl/10 54 CAPTULO 9.  TENGO EN MENTE LO QUE USTED TIENE 
EN MENTE: ?`SIGNIFICADO O REPRESENTACIN?
 []

[54]
Captulo 10.
[55

]
Overfull \hbox (250.23802pt too wide) has occurred while \output is active
\T1/EBGaramond12(0)/bx/sl/10 56 CAPTULO 10.  EMERGENCIA, REDUCCIONISMO Y CAUSA
LIDAD DESCENDENTE: ?`PODEMOS PENSAR CMO FUNCIONA LA CIENCIA?
 []

[56]
Underfull \vbox (badness 2119) has occurred while \output is active []

 [57]

LaTeX Warning: Command \; invalid in math mode on input line 2972.

LaTeX Font Info:    Try loading font information for T3+EBGaramond12(0) on inpu
t line 2972.
LaTeX Font Info:    No file T3EBGaramond12(0).fd. on input line 2972.

LaTeX Font Warning: Font shape `T3/EBGaramond12(0)/m/n' undefined
(Font)              using `T3/cmr/m/n' instead on input line 2972.

Requested font "tipa10" at 10.0pt
 -> /usr/local/texlive/2017/texmf-dist/fonts/tfm/public/tipa/tipa10.tfm

LaTeX Warning: Command \; invalid in math mode on input line 2972.


LaTeX Warning: Command \; invalid in math mode on input line 2972.


LaTeX Warning: Command \; invalid in math mode on input line 2973.


Overfull \hbox (250.23802pt too wide) has occurred while \output is active
\T1/EBGaramond12(0)/bx/sl/10 58 CAPTULO 10.  EMERGENCIA, REDUCCIONISMO Y CAUSA
LIDAD DESCENDENTE: ?`PODEMOS PENSAR CMO FUNCIONA LA CIENCIA?
 []

[58] [59]
Overfull \hbox (250.23802pt too wide) has occurred while \output is active
\T1/EBGaramond12(0)/bx/sl/10 60 CAPTULO 10.  EMERGENCIA, REDUCCIONISMO Y CAUSA
LIDAD DESCENDENTE: ?`PODEMOS PENSAR CMO FUNCIONA LA CIENCIA?
 []

[60] [61]
Underfull \vbox (badness 1028) has occurred while \output is active []


Overfull \hbox (250.23802pt too wide) has occurred while \output is active
\T1/EBGaramond12(0)/bx/sl/10 62 CAPTULO 10.  EMERGENCIA, REDUCCIONISMO Y CAUSA
LIDAD DESCENDENTE: ?`PODEMOS PENSAR CMO FUNCIONA LA CIENCIA?
 []

[62]
Package atveryend Info: Empty hook `BeforeClearDocument' on input line 3350.
 [63]
Package atveryend Info: Empty hook `AfterLastShipout' on input line 3350.
 (./main.aux)
Package atveryend Info: Empty hook `AtVeryEndDocument' on input line 3350.
Package atveryend Info: Empty hook `AtEndAfterFileList' on input line 3350.


LaTeX Font Warning: Size substitutions with differences
(Font)              up to 0.5pt have occurred.


LaTeX Font Warning: Some font shapes were not available, defaults substituted.

 )
(\end occurred inside a group at level 1)

### semi simple group (level 1) entered at line 54 (\begingroup)
### bottom level 
Here is how much of TeX's memory you used:
 22240 strings out of 493005
 400579 string characters out of 6134596
 502517 words of memory out of 5000000
 25933 multiletter control sequences out of 15000+600000
 48348 words of font info for 154 fonts, out of 8000000 for 9000
 1348 hyphenation exceptions out of 8191
 56i,8n,89p,10364b,9060s stack positions out of 5000i,500n,10000p,200000b,80000s

Output written on main.pdf (63 pages).
