mktexpk --mfmode / --bdpi 600 --mag 1+0/600 --dpi 600 ugmr8a.pfb
mktextfm Cormorant
mktextfm Cormorant
mktextfm Cormorant
mktextfm Cormorant/BI
mktextfm Cormorant
mktextfm Cormorant
mktextfm Cormorant
mktextfm Cormorant/BI
mktextfm Cormorant
mktextfm Cormorant
mktextfm Cormorant
mktextfm Cormorant/BI
mktextfm Cormorant
mktextfm Cormorant/B
mktextfm Cormorant
mktextfm Cormorant/I
mktextfm Cormorant
mktextfm Cormorant
mktextfm Cormorant
mktextfm Cormorant
mktextfm Cormorant
mktextfm Cormorant
mktextfm Cormorant/BI
mktextfm Cormorant
mktextfm Cormorant/B
mktextfm Cormorant
mktextfm Cormorant/I
mktextfm Cormorant
mktextfm Cormorant
mktextfm Cormorant
mktextfm Cormorant
mktextfm Cormorant
mktextfm Cormorant
mktextfm Cormorant
mktextfm Cormorant
mktextfm Cormorant
mktextfm Cormorant
mktextfm Cormorant
mktextfm Cormorant
mktextfm Cormorant
mktextfm Cormorant
mktextfm Cormorant
mktextfm Cormorant
mktextfm Cormorant
mktextfm Cormorant
mktextfm Cormorant
mktextfm Cormorant
mktextfm Cormorant
mktextfm Cormorant
mktextfm Cormorant
mktextfm Cormorant
mktextfm Cormorant
mktextfm Cormorant/BI
mktextfm Cormorant
mktextfm Cormorant/B
mktextfm Cormorant
mktextfm Cormorant/I
mktextfm Cormorant
mktextfm Cormorant
mktextfm Cormorant
mktextfm Cormorant
mktextfm Cormorant
mktextfm Cormorant
mktextfm Cormorant
mktextfm Cormorant
mktextfm Cormorant/BI
mktextfm Cormorant
mktextfm Cormorant/B
mktextfm Cormorant
mktextfm Cormorant/I
mktextfm Cormorant
mktextfm Cormorant
mktextfm Cormorant
mktextfm Cormorant
mktextfm Cormorant
mktextfm Cormorant
mktextfm Cormorant
mktextfm Cormorant
mktextfm Cormorant
mktextfm Cormorant
mktextfm Cormorant
mktextfm Cormorant
mktextfm Cormorant
mktextfm Cormorant
mktextfm Cormorant
mktextfm Cormorant
mktextfm Cormorant
mktextfm Cormorant
mktextfm Cormorant
